[24-Nov-2025 06:04:02 Asia/Kuala_Lumpur] [Preview] Application Reference: APP-2025-8472-D95DC7B0
[24-Nov-2025 06:04:02 Asia/Kuala_Lumpur] [Preview] Health data: Found
[24-Nov-2025 06:04:02 Asia/Kuala_Lumpur] [Preview] Language rows: 3
[24-Nov-2025 06:04:02 Asia/Kuala_Lumpur] [Preview] Computer rows: 3
[24-Nov-2025 06:04:02 Asia/Kuala_Lumpur] [Preview] Bodies rows: 2
[24-Nov-2025 06:04:02 Asia/Kuala_Lumpur] [Preview] Education rows: 2
[24-Nov-2025 06:04:02 Asia/Kuala_Lumpur] [Preview] SPM rows: 1
[24-Nov-2025 06:04:02 Asia/Kuala_Lumpur] [Preview] SPM Additional rows: 1
[24-Nov-2025 06:04:02 Asia/Kuala_Lumpur] [Preview] Work rows: 1
[24-Nov-2025 06:04:02 Asia/Kuala_Lumpur] [Preview] Extra rows: 2
[24-Nov-2025 06:04:02 Asia/Kuala_Lumpur] [Preview] Reference rows: 2
[24-Nov-2025 06:04:02 Asia/Kuala_Lumpur] [Preview] Family rows: 2
[24-Nov-2025 06:04:02 Asia/Kuala_Lumpur] [Preview] Main application data source: application_application_main
[24-Nov-2025 06:04:02 Asia/Kuala_Lumpur] [Preview] Application ID: 68, Reference: APP-2025-8472-D95DC7B0
[24-Nov-2025 06:04:02 Asia/Kuala_Lumpur] [Preview] Language rows: 3
[24-Nov-2025 06:04:02 Asia/Kuala_Lumpur] [Preview] Computer rows: 3
[24-Nov-2025 06:04:02 Asia/Kuala_Lumpur] [Preview] Bodies rows: 2
[24-Nov-2025 06:04:02 Asia/Kuala_Lumpur] [Preview] Extra rows: 2
[24-Nov-2025 06:04:02 Asia/Kuala_Lumpur] [Preview] SPM rows: 1
[24-Nov-2025 06:04:02 Asia/Kuala_Lumpur] [Preview] SPM Additional rows: 1
[24-Nov-2025 06:04:02 Asia/Kuala_Lumpur] [Preview] Education rows: 2
[24-Nov-2025 06:04:02 Asia/Kuala_Lumpur] [Preview] Work rows: 1
[24-Nov-2025 06:04:02 Asia/Kuala_Lumpur] [Preview] Reference rows: 2
[24-Nov-2025 06:04:02 Asia/Kuala_Lumpur] [Preview] Family rows: 2
[24-Nov-2025 07:27:15 Asia/Kuala_Lumpur] Using content_key: application_instructions
[24-Nov-2025 07:27:25 Asia/Kuala_Lumpur] Using content_key: pengistiharan_terms
[24-Nov-2025 07:32:21 Asia/Kuala_Lumpur] Using content_key: application_instructions
[24-Nov-2025 07:41:39 Asia/Kuala_Lumpur] Using content_key: application_instructions
[24-Nov-2025 07:41:42 Asia/Kuala_Lumpur] Using content_key: pengistiharan_terms
[24-Nov-2025 20:32:11 Asia/Kuala_Lumpur] Using content_key: application_instructions
[26-Nov-2025 23:31:48 Asia/Kuala_Lumpur] Password reset successful for admin user: frenflo (ID: 6)
[27-Nov-2025 01:38:04 Asia/Kuala_Lumpur] [Preview] Application Reference: APP-2025-2415-49AFC4DE
[27-Nov-2025 01:38:04 Asia/Kuala_Lumpur] [Preview] Health data: Found
[27-Nov-2025 01:38:04 Asia/Kuala_Lumpur] [Preview] Language rows: 1
[27-Nov-2025 01:38:04 Asia/Kuala_Lumpur] [Preview] Computer rows: 1
[27-Nov-2025 01:38:04 Asia/Kuala_Lumpur] [Preview] Bodies rows: 0
[27-Nov-2025 01:38:04 Asia/Kuala_Lumpur] [Preview] Education rows: 0
[27-Nov-2025 01:38:04 Asia/Kuala_Lumpur] [Preview] SPM rows: 1
[27-Nov-2025 01:38:04 Asia/Kuala_Lumpur] [Preview] SPM Additional rows: 0
[27-Nov-2025 01:38:04 Asia/Kuala_Lumpur] [Preview] Work rows: 0
[27-Nov-2025 01:38:04 Asia/Kuala_Lumpur] [Preview] Extra rows: 0
[27-Nov-2025 01:38:04 Asia/Kuala_Lumpur] [Preview] Reference rows: 2
[27-Nov-2025 01:38:04 Asia/Kuala_Lumpur] [Preview] Family rows: 2
[27-Nov-2025 01:38:04 Asia/Kuala_Lumpur] [Preview] Main application data source: application_application_main
[27-Nov-2025 01:38:04 Asia/Kuala_Lumpur] [Preview] Application ID: 69, Reference: APP-2025-2415-49AFC4DE
[27-Nov-2025 01:38:04 Asia/Kuala_Lumpur] [Preview] Language rows: 1
[27-Nov-2025 01:38:04 Asia/Kuala_Lumpur] [Preview] Computer rows: 1
[27-Nov-2025 01:38:04 Asia/Kuala_Lumpur] [Preview] Bodies rows: 0
[27-Nov-2025 01:38:04 Asia/Kuala_Lumpur] [Preview] Extra rows: 0
[27-Nov-2025 01:38:04 Asia/Kuala_Lumpur] [Preview] SPM rows: 1
[27-Nov-2025 01:38:04 Asia/Kuala_Lumpur] [Preview] SPM Additional rows: 0
[27-Nov-2025 01:38:04 Asia/Kuala_Lumpur] [Preview] Education rows: 0
[27-Nov-2025 01:38:04 Asia/Kuala_Lumpur] [Preview] Work rows: 0
[27-Nov-2025 01:38:04 Asia/Kuala_Lumpur] [Preview] Reference rows: 2
[27-Nov-2025 01:38:04 Asia/Kuala_Lumpur] [Preview] Family rows: 2
[27-Nov-2025 01:53:04 Asia/Kuala_Lumpur] Admin Logger: Invalid action_type: EMAIL, defaulting to OTHER
[27-Nov-2025 01:57:37 Asia/Kuala_Lumpur] Admin Logger: Invalid action_type: EMAIL, defaulting to OTHER
[27-Nov-2025 01:57:56 Asia/Kuala_Lumpur] [Preview] Application Reference: APP-2025-2415-49AFC4DE
[27-Nov-2025 01:57:56 Asia/Kuala_Lumpur] [Preview] Health data: Found
[27-Nov-2025 01:57:56 Asia/Kuala_Lumpur] [Preview] Language rows: 1
[27-Nov-2025 01:57:56 Asia/Kuala_Lumpur] [Preview] Computer rows: 1
[27-Nov-2025 01:57:56 Asia/Kuala_Lumpur] [Preview] Bodies rows: 0
[27-Nov-2025 01:57:56 Asia/Kuala_Lumpur] [Preview] Education rows: 0
[27-Nov-2025 01:57:56 Asia/Kuala_Lumpur] [Preview] SPM rows: 1
[27-Nov-2025 01:57:56 Asia/Kuala_Lumpur] [Preview] SPM Additional rows: 0
[27-Nov-2025 01:57:56 Asia/Kuala_Lumpur] [Preview] Work rows: 0
[27-Nov-2025 01:57:56 Asia/Kuala_Lumpur] [Preview] Extra rows: 0
[27-Nov-2025 01:57:56 Asia/Kuala_Lumpur] [Preview] Reference rows: 2
[27-Nov-2025 01:57:56 Asia/Kuala_Lumpur] [Preview] Family rows: 2
[27-Nov-2025 01:57:56 Asia/Kuala_Lumpur] [Preview] Main application data source: application_application_main
[27-Nov-2025 01:57:56 Asia/Kuala_Lumpur] [Preview] Application ID: 69, Reference: APP-2025-2415-49AFC4DE
[27-Nov-2025 01:57:56 Asia/Kuala_Lumpur] [Preview] Language rows: 1
[27-Nov-2025 01:57:56 Asia/Kuala_Lumpur] [Preview] Computer rows: 1
[27-Nov-2025 01:57:56 Asia/Kuala_Lumpur] [Preview] Bodies rows: 0
[27-Nov-2025 01:57:56 Asia/Kuala_Lumpur] [Preview] Extra rows: 0
[27-Nov-2025 01:57:56 Asia/Kuala_Lumpur] [Preview] SPM rows: 1
[27-Nov-2025 01:57:56 Asia/Kuala_Lumpur] [Preview] SPM Additional rows: 0
[27-Nov-2025 01:57:56 Asia/Kuala_Lumpur] [Preview] Education rows: 0
[27-Nov-2025 01:57:56 Asia/Kuala_Lumpur] [Preview] Work rows: 0
[27-Nov-2025 01:57:56 Asia/Kuala_Lumpur] [Preview] Reference rows: 2
[27-Nov-2025 01:57:56 Asia/Kuala_Lumpur] [Preview] Family rows: 2
[27-Nov-2025 02:11:10 Asia/Kuala_Lumpur] [Preview] Application Reference: APP-2025-2415-49AFC4DE
[27-Nov-2025 02:11:10 Asia/Kuala_Lumpur] [Preview] Health data: Found
[27-Nov-2025 02:11:10 Asia/Kuala_Lumpur] [Preview] Language rows: 1
[27-Nov-2025 02:11:10 Asia/Kuala_Lumpur] [Preview] Computer rows: 1
[27-Nov-2025 02:11:10 Asia/Kuala_Lumpur] [Preview] Bodies rows: 0
[27-Nov-2025 02:11:10 Asia/Kuala_Lumpur] [Preview] Education rows: 0
[27-Nov-2025 02:11:10 Asia/Kuala_Lumpur] [Preview] SPM rows: 1
[27-Nov-2025 02:11:10 Asia/Kuala_Lumpur] [Preview] SPM Additional rows: 0
[27-Nov-2025 02:11:10 Asia/Kuala_Lumpur] [Preview] Work rows: 0
[27-Nov-2025 02:11:10 Asia/Kuala_Lumpur] [Preview] Extra rows: 0
[27-Nov-2025 02:11:10 Asia/Kuala_Lumpur] [Preview] Reference rows: 2
[27-Nov-2025 02:11:10 Asia/Kuala_Lumpur] [Preview] Family rows: 2
[27-Nov-2025 02:11:10 Asia/Kuala_Lumpur] [Preview] Main application data source: application_application_main
[27-Nov-2025 02:11:10 Asia/Kuala_Lumpur] [Preview] Application ID: 69, Reference: APP-2025-2415-49AFC4DE
[27-Nov-2025 02:11:10 Asia/Kuala_Lumpur] [Preview] Language rows: 1
[27-Nov-2025 02:11:10 Asia/Kuala_Lumpur] [Preview] Computer rows: 1
[27-Nov-2025 02:11:10 Asia/Kuala_Lumpur] [Preview] Bodies rows: 0
[27-Nov-2025 02:11:10 Asia/Kuala_Lumpur] [Preview] Extra rows: 0
[27-Nov-2025 02:11:10 Asia/Kuala_Lumpur] [Preview] SPM rows: 1
[27-Nov-2025 02:11:10 Asia/Kuala_Lumpur] [Preview] SPM Additional rows: 0
[27-Nov-2025 02:11:10 Asia/Kuala_Lumpur] [Preview] Education rows: 0
[27-Nov-2025 02:11:10 Asia/Kuala_Lumpur] [Preview] Work rows: 0
[27-Nov-2025 02:11:10 Asia/Kuala_Lumpur] [Preview] Reference rows: 2
[27-Nov-2025 02:11:10 Asia/Kuala_Lumpur] [Preview] Family rows: 2
[27-Nov-2025 02:14:04 Asia/Kuala_Lumpur] [Preview] Application Reference: APP-2025-2415-49AFC4DE
[27-Nov-2025 02:14:04 Asia/Kuala_Lumpur] [Preview] Health data: Found
[27-Nov-2025 02:14:04 Asia/Kuala_Lumpur] [Preview] Language rows: 1
[27-Nov-2025 02:14:04 Asia/Kuala_Lumpur] [Preview] Computer rows: 1
[27-Nov-2025 02:14:04 Asia/Kuala_Lumpur] [Preview] Bodies rows: 0
[27-Nov-2025 02:14:04 Asia/Kuala_Lumpur] [Preview] Education rows: 0
[27-Nov-2025 02:14:04 Asia/Kuala_Lumpur] [Preview] SPM rows: 1
[27-Nov-2025 02:14:04 Asia/Kuala_Lumpur] [Preview] SPM Additional rows: 0
[27-Nov-2025 02:14:04 Asia/Kuala_Lumpur] [Preview] Work rows: 0
[27-Nov-2025 02:14:04 Asia/Kuala_Lumpur] [Preview] Extra rows: 0
[27-Nov-2025 02:14:04 Asia/Kuala_Lumpur] [Preview] Reference rows: 2
[27-Nov-2025 02:14:04 Asia/Kuala_Lumpur] [Preview] Family rows: 2
[27-Nov-2025 02:14:04 Asia/Kuala_Lumpur] [Preview] Main application data source: application_application_main
[27-Nov-2025 02:14:04 Asia/Kuala_Lumpur] [Preview] Application ID: 69, Reference: APP-2025-2415-49AFC4DE
[27-Nov-2025 02:14:04 Asia/Kuala_Lumpur] [Preview] Language rows: 1
[27-Nov-2025 02:14:04 Asia/Kuala_Lumpur] [Preview] Computer rows: 1
[27-Nov-2025 02:14:04 Asia/Kuala_Lumpur] [Preview] Bodies rows: 0
[27-Nov-2025 02:14:04 Asia/Kuala_Lumpur] [Preview] Extra rows: 0
[27-Nov-2025 02:14:04 Asia/Kuala_Lumpur] [Preview] SPM rows: 1
[27-Nov-2025 02:14:05 Asia/Kuala_Lumpur] [Preview] SPM Additional rows: 0
[27-Nov-2025 02:14:05 Asia/Kuala_Lumpur] [Preview] Education rows: 0
[27-Nov-2025 02:14:05 Asia/Kuala_Lumpur] [Preview] Work rows: 0
[27-Nov-2025 02:14:05 Asia/Kuala_Lumpur] [Preview] Reference rows: 2
[27-Nov-2025 02:14:05 Asia/Kuala_Lumpur] [Preview] Family rows: 2
[27-Nov-2025 02:14:24 Asia/Kuala_Lumpur] [Preview] Application Reference: APP-2025-2415-49AFC4DE
[27-Nov-2025 02:14:24 Asia/Kuala_Lumpur] [Preview] Health data: Found
[27-Nov-2025 02:14:25 Asia/Kuala_Lumpur] [Preview] Language rows: 1
[27-Nov-2025 02:14:25 Asia/Kuala_Lumpur] [Preview] Computer rows: 1
[27-Nov-2025 02:14:25 Asia/Kuala_Lumpur] [Preview] Bodies rows: 0
[27-Nov-2025 02:14:25 Asia/Kuala_Lumpur] [Preview] Education rows: 0
[27-Nov-2025 02:14:25 Asia/Kuala_Lumpur] [Preview] SPM rows: 1
[27-Nov-2025 02:14:25 Asia/Kuala_Lumpur] [Preview] SPM Additional rows: 0
[27-Nov-2025 02:14:25 Asia/Kuala_Lumpur] [Preview] Work rows: 0
[27-Nov-2025 02:14:25 Asia/Kuala_Lumpur] [Preview] Extra rows: 0
[27-Nov-2025 02:14:25 Asia/Kuala_Lumpur] [Preview] Reference rows: 2
[27-Nov-2025 02:14:25 Asia/Kuala_Lumpur] [Preview] Family rows: 2
[27-Nov-2025 02:14:25 Asia/Kuala_Lumpur] [Preview] Main application data source: application_application_main
[27-Nov-2025 02:14:25 Asia/Kuala_Lumpur] [Preview] Application ID: 69, Reference: APP-2025-2415-49AFC4DE
[27-Nov-2025 02:14:25 Asia/Kuala_Lumpur] [Preview] Language rows: 1
[27-Nov-2025 02:14:25 Asia/Kuala_Lumpur] [Preview] Computer rows: 1
[27-Nov-2025 02:14:25 Asia/Kuala_Lumpur] [Preview] Bodies rows: 0
[27-Nov-2025 02:14:25 Asia/Kuala_Lumpur] [Preview] Extra rows: 0
[27-Nov-2025 02:14:25 Asia/Kuala_Lumpur] [Preview] SPM rows: 1
[27-Nov-2025 02:14:25 Asia/Kuala_Lumpur] [Preview] SPM Additional rows: 0
[27-Nov-2025 02:14:25 Asia/Kuala_Lumpur] [Preview] Education rows: 0
[27-Nov-2025 02:14:25 Asia/Kuala_Lumpur] [Preview] Work rows: 0
[27-Nov-2025 02:14:25 Asia/Kuala_Lumpur] [Preview] Reference rows: 2
[27-Nov-2025 02:14:25 Asia/Kuala_Lumpur] [Preview] Family rows: 2
[27-Nov-2025 02:27:31 Asia/Kuala_Lumpur] Admin Logger: Invalid action_type: EMAIL, defaulting to OTHER
[27-Nov-2025 02:29:39 Asia/Kuala_Lumpur] [Preview] Application Reference: APP-2025-2415-49AFC4DE
[27-Nov-2025 02:29:39 Asia/Kuala_Lumpur] [Preview] Health data: Found
[27-Nov-2025 02:29:39 Asia/Kuala_Lumpur] [Preview] Language rows: 1
[27-Nov-2025 02:29:39 Asia/Kuala_Lumpur] [Preview] Computer rows: 1
[27-Nov-2025 02:29:39 Asia/Kuala_Lumpur] [Preview] Bodies rows: 0
[27-Nov-2025 02:29:39 Asia/Kuala_Lumpur] [Preview] Education rows: 0
[27-Nov-2025 02:29:39 Asia/Kuala_Lumpur] [Preview] SPM rows: 1
[27-Nov-2025 02:29:39 Asia/Kuala_Lumpur] [Preview] SPM Additional rows: 0
[27-Nov-2025 02:29:39 Asia/Kuala_Lumpur] [Preview] Work rows: 0
[27-Nov-2025 02:29:40 Asia/Kuala_Lumpur] [Preview] Extra rows: 0
[27-Nov-2025 02:29:40 Asia/Kuala_Lumpur] [Preview] Reference rows: 2
[27-Nov-2025 02:29:40 Asia/Kuala_Lumpur] [Preview] Family rows: 2
[27-Nov-2025 02:29:40 Asia/Kuala_Lumpur] [Preview] Main application data source: application_application_main
[27-Nov-2025 02:29:40 Asia/Kuala_Lumpur] [Preview] Application ID: 69, Reference: APP-2025-2415-49AFC4DE
[27-Nov-2025 02:29:40 Asia/Kuala_Lumpur] [Preview] Language rows: 1
[27-Nov-2025 02:29:40 Asia/Kuala_Lumpur] [Preview] Computer rows: 1
[27-Nov-2025 02:29:40 Asia/Kuala_Lumpur] [Preview] Bodies rows: 0
[27-Nov-2025 02:29:40 Asia/Kuala_Lumpur] [Preview] Extra rows: 0
[27-Nov-2025 02:29:40 Asia/Kuala_Lumpur] [Preview] SPM rows: 1
[27-Nov-2025 02:29:40 Asia/Kuala_Lumpur] [Preview] SPM Additional rows: 0
[27-Nov-2025 02:29:40 Asia/Kuala_Lumpur] [Preview] Education rows: 0
[27-Nov-2025 02:29:40 Asia/Kuala_Lumpur] [Preview] Work rows: 0
[27-Nov-2025 02:29:40 Asia/Kuala_Lumpur] [Preview] Reference rows: 2
[27-Nov-2025 02:29:40 Asia/Kuala_Lumpur] [Preview] Family rows: 2
[27-Nov-2025 02:35:59 Asia/Kuala_Lumpur] [Preview] Application Reference: APP-2025-2415-49AFC4DE
[27-Nov-2025 02:35:59 Asia/Kuala_Lumpur] [Preview] Health data: Found
[27-Nov-2025 02:35:59 Asia/Kuala_Lumpur] [Preview] Language rows: 1
[27-Nov-2025 02:35:59 Asia/Kuala_Lumpur] [Preview] Computer rows: 1
[27-Nov-2025 02:35:59 Asia/Kuala_Lumpur] [Preview] Bodies rows: 1
[27-Nov-2025 02:35:59 Asia/Kuala_Lumpur] [Preview] Education rows: 0
[27-Nov-2025 02:35:59 Asia/Kuala_Lumpur] [Preview] SPM rows: 1
[27-Nov-2025 02:35:59 Asia/Kuala_Lumpur] [Preview] SPM Additional rows: 0
[27-Nov-2025 02:35:59 Asia/Kuala_Lumpur] [Preview] Work rows: 0
[27-Nov-2025 02:35:59 Asia/Kuala_Lumpur] [Preview] Extra rows: 0
[27-Nov-2025 02:35:59 Asia/Kuala_Lumpur] [Preview] Reference rows: 2
[27-Nov-2025 02:35:59 Asia/Kuala_Lumpur] [Preview] Family rows: 2
[27-Nov-2025 02:35:59 Asia/Kuala_Lumpur] [Preview] Main application data source: application_application_main
[27-Nov-2025 02:35:59 Asia/Kuala_Lumpur] [Preview] Application ID: 69, Reference: APP-2025-2415-49AFC4DE
[27-Nov-2025 02:35:59 Asia/Kuala_Lumpur] [Preview] Language rows: 1
[27-Nov-2025 02:35:59 Asia/Kuala_Lumpur] [Preview] Computer rows: 1
[27-Nov-2025 02:35:59 Asia/Kuala_Lumpur] [Preview] Bodies rows: 1
[27-Nov-2025 02:35:59 Asia/Kuala_Lumpur] [Preview] Extra rows: 0
[27-Nov-2025 02:35:59 Asia/Kuala_Lumpur] [Preview] SPM rows: 1
[27-Nov-2025 02:35:59 Asia/Kuala_Lumpur] [Preview] SPM Additional rows: 0
[27-Nov-2025 02:35:59 Asia/Kuala_Lumpur] [Preview] Education rows: 0
[27-Nov-2025 02:35:59 Asia/Kuala_Lumpur] [Preview] Work rows: 0
[27-Nov-2025 02:35:59 Asia/Kuala_Lumpur] [Preview] Reference rows: 2
[27-Nov-2025 02:35:59 Asia/Kuala_Lumpur] [Preview] Family rows: 2
[27-Nov-2025 02:36:45 Asia/Kuala_Lumpur] [Preview] Application Reference: APP-2025-2415-49AFC4DE
[27-Nov-2025 02:36:45 Asia/Kuala_Lumpur] [Preview] Health data: Found
[27-Nov-2025 02:36:45 Asia/Kuala_Lumpur] [Preview] Language rows: 1
[27-Nov-2025 02:36:45 Asia/Kuala_Lumpur] [Preview] Computer rows: 1
[27-Nov-2025 02:36:45 Asia/Kuala_Lumpur] [Preview] Bodies rows: 1
[27-Nov-2025 02:36:45 Asia/Kuala_Lumpur] [Preview] Education rows: 0
[27-Nov-2025 02:36:45 Asia/Kuala_Lumpur] [Preview] SPM rows: 1
[27-Nov-2025 02:36:45 Asia/Kuala_Lumpur] [Preview] SPM Additional rows: 0
[27-Nov-2025 02:36:45 Asia/Kuala_Lumpur] [Preview] Work rows: 0
[27-Nov-2025 02:36:45 Asia/Kuala_Lumpur] [Preview] Extra rows: 1
[27-Nov-2025 02:36:45 Asia/Kuala_Lumpur] [Preview] Reference rows: 2
[27-Nov-2025 02:36:45 Asia/Kuala_Lumpur] [Preview] Family rows: 2
[27-Nov-2025 02:36:45 Asia/Kuala_Lumpur] [Preview] Main application data source: application_application_main
[27-Nov-2025 02:36:45 Asia/Kuala_Lumpur] [Preview] Application ID: 69, Reference: APP-2025-2415-49AFC4DE
[27-Nov-2025 02:36:45 Asia/Kuala_Lumpur] [Preview] Language rows: 1
[27-Nov-2025 02:36:45 Asia/Kuala_Lumpur] [Preview] Computer rows: 1
[27-Nov-2025 02:36:45 Asia/Kuala_Lumpur] [Preview] Bodies rows: 1
[27-Nov-2025 02:36:45 Asia/Kuala_Lumpur] [Preview] Extra rows: 1
[27-Nov-2025 02:36:45 Asia/Kuala_Lumpur] [Preview] SPM rows: 1
[27-Nov-2025 02:36:45 Asia/Kuala_Lumpur] [Preview] SPM Additional rows: 0
[27-Nov-2025 02:36:45 Asia/Kuala_Lumpur] [Preview] Education rows: 0
[27-Nov-2025 02:36:45 Asia/Kuala_Lumpur] [Preview] Work rows: 0
[27-Nov-2025 02:36:45 Asia/Kuala_Lumpur] [Preview] Reference rows: 2
[27-Nov-2025 02:36:45 Asia/Kuala_Lumpur] [Preview] Family rows: 2
[27-Nov-2025 02:41:09 Asia/Kuala_Lumpur] [Preview] Application Reference: APP-2025-2415-49AFC4DE
[27-Nov-2025 02:41:09 Asia/Kuala_Lumpur] [Preview] Health data: Found
[27-Nov-2025 02:41:09 Asia/Kuala_Lumpur] [Preview] Language rows: 1
[27-Nov-2025 02:41:09 Asia/Kuala_Lumpur] [Preview] Computer rows: 1
[27-Nov-2025 02:41:09 Asia/Kuala_Lumpur] [Preview] Bodies rows: 1
[27-Nov-2025 02:41:09 Asia/Kuala_Lumpur] [Preview] Education rows: 0
[27-Nov-2025 02:41:09 Asia/Kuala_Lumpur] [Preview] SPM rows: 1
[27-Nov-2025 02:41:09 Asia/Kuala_Lumpur] [Preview] SPM Additional rows: 0
[27-Nov-2025 02:41:09 Asia/Kuala_Lumpur] [Preview] Work rows: 1
[27-Nov-2025 02:41:09 Asia/Kuala_Lumpur] [Preview] Extra rows: 1
[27-Nov-2025 02:41:09 Asia/Kuala_Lumpur] [Preview] Reference rows: 2
[27-Nov-2025 02:41:09 Asia/Kuala_Lumpur] [Preview] Family rows: 2
[27-Nov-2025 02:41:09 Asia/Kuala_Lumpur] [Preview] Main application data source: application_application_main
[27-Nov-2025 02:41:09 Asia/Kuala_Lumpur] [Preview] Application ID: 69, Reference: APP-2025-2415-49AFC4DE
[27-Nov-2025 02:41:09 Asia/Kuala_Lumpur] [Preview] Language rows: 1
[27-Nov-2025 02:41:09 Asia/Kuala_Lumpur] [Preview] Computer rows: 1
[27-Nov-2025 02:41:09 Asia/Kuala_Lumpur] [Preview] Bodies rows: 1
[27-Nov-2025 02:41:09 Asia/Kuala_Lumpur] [Preview] Extra rows: 1
[27-Nov-2025 02:41:09 Asia/Kuala_Lumpur] [Preview] SPM rows: 1
[27-Nov-2025 02:41:09 Asia/Kuala_Lumpur] [Preview] SPM Additional rows: 0
[27-Nov-2025 02:41:09 Asia/Kuala_Lumpur] [Preview] Education rows: 0
[27-Nov-2025 02:41:09 Asia/Kuala_Lumpur] [Preview] Work rows: 1
[27-Nov-2025 02:41:09 Asia/Kuala_Lumpur] [Preview] Reference rows: 2
[27-Nov-2025 02:41:09 Asia/Kuala_Lumpur] [Preview] Family rows: 2
[27-Nov-2025 02:42:48 Asia/Kuala_Lumpur] Admin Logger: Invalid action_type: EMAIL, defaulting to OTHER
[27-Nov-2025 02:45:52 Asia/Kuala_Lumpur] [Preview] Application Reference: APP-2025-2415-49AFC4DE
[27-Nov-2025 02:45:52 Asia/Kuala_Lumpur] [Preview] Health data: Found
[27-Nov-2025 02:45:52 Asia/Kuala_Lumpur] [Preview] Language rows: 1
[27-Nov-2025 02:45:52 Asia/Kuala_Lumpur] [Preview] Computer rows: 1
[27-Nov-2025 02:45:52 Asia/Kuala_Lumpur] [Preview] Bodies rows: 1
[27-Nov-2025 02:45:52 Asia/Kuala_Lumpur] [Preview] Education rows: 1
[27-Nov-2025 02:45:52 Asia/Kuala_Lumpur] [Preview] SPM rows: 1
[27-Nov-2025 02:45:52 Asia/Kuala_Lumpur] [Preview] SPM Additional rows: 0
[27-Nov-2025 02:45:52 Asia/Kuala_Lumpur] [Preview] Work rows: 1
[27-Nov-2025 02:45:52 Asia/Kuala_Lumpur] [Preview] Extra rows: 1
[27-Nov-2025 02:45:52 Asia/Kuala_Lumpur] [Preview] Reference rows: 2
[27-Nov-2025 02:45:52 Asia/Kuala_Lumpur] [Preview] Family rows: 2
[27-Nov-2025 02:45:52 Asia/Kuala_Lumpur] [Preview] Main application data source: application_application_main
[27-Nov-2025 02:45:52 Asia/Kuala_Lumpur] [Preview] Application ID: 69, Reference: APP-2025-2415-49AFC4DE
[27-Nov-2025 02:45:52 Asia/Kuala_Lumpur] [Preview] Language rows: 1
[27-Nov-2025 02:45:53 Asia/Kuala_Lumpur] [Preview] Computer rows: 1
[27-Nov-2025 02:45:53 Asia/Kuala_Lumpur] [Preview] Bodies rows: 1
[27-Nov-2025 02:45:53 Asia/Kuala_Lumpur] [Preview] Extra rows: 1
[27-Nov-2025 02:45:53 Asia/Kuala_Lumpur] [Preview] SPM rows: 1
[27-Nov-2025 02:45:53 Asia/Kuala_Lumpur] [Preview] SPM Additional rows: 0
[27-Nov-2025 02:45:53 Asia/Kuala_Lumpur] [Preview] Education rows: 1
[27-Nov-2025 02:45:53 Asia/Kuala_Lumpur] [Preview] Work rows: 1
[27-Nov-2025 02:45:53 Asia/Kuala_Lumpur] [Preview] Reference rows: 2
[27-Nov-2025 02:45:53 Asia/Kuala_Lumpur] [Preview] Family rows: 2
[27-Nov-2025 02:47:19 Asia/Kuala_Lumpur] [Preview] Application Reference: APP-2025-2415-49AFC4DE
[27-Nov-2025 02:47:19 Asia/Kuala_Lumpur] [Preview] Health data: Found
[27-Nov-2025 02:47:19 Asia/Kuala_Lumpur] [Preview] Language rows: 1
[27-Nov-2025 02:47:19 Asia/Kuala_Lumpur] [Preview] Computer rows: 1
[27-Nov-2025 02:47:19 Asia/Kuala_Lumpur] [Preview] Bodies rows: 1
[27-Nov-2025 02:47:19 Asia/Kuala_Lumpur] [Preview] Education rows: 1
[27-Nov-2025 02:47:19 Asia/Kuala_Lumpur] [Preview] SPM rows: 1
[27-Nov-2025 02:47:19 Asia/Kuala_Lumpur] [Preview] SPM Additional rows: 0
[27-Nov-2025 02:47:19 Asia/Kuala_Lumpur] [Preview] Work rows: 1
[27-Nov-2025 02:47:19 Asia/Kuala_Lumpur] [Preview] Extra rows: 1
[27-Nov-2025 02:47:19 Asia/Kuala_Lumpur] [Preview] Reference rows: 2
[27-Nov-2025 02:47:19 Asia/Kuala_Lumpur] [Preview] Family rows: 2
[27-Nov-2025 02:47:19 Asia/Kuala_Lumpur] [Preview] Main application data source: application_application_main
[27-Nov-2025 02:47:19 Asia/Kuala_Lumpur] [Preview] Application ID: 69, Reference: APP-2025-2415-49AFC4DE
[27-Nov-2025 02:47:19 Asia/Kuala_Lumpur] [Preview] Language rows: 1
[27-Nov-2025 02:47:19 Asia/Kuala_Lumpur] [Preview] Computer rows: 1
[27-Nov-2025 02:47:19 Asia/Kuala_Lumpur] [Preview] Bodies rows: 1
[27-Nov-2025 02:47:19 Asia/Kuala_Lumpur] [Preview] Extra rows: 1
[27-Nov-2025 02:47:19 Asia/Kuala_Lumpur] [Preview] SPM rows: 1
[27-Nov-2025 02:47:19 Asia/Kuala_Lumpur] [Preview] SPM Additional rows: 0
[27-Nov-2025 02:47:19 Asia/Kuala_Lumpur] [Preview] Education rows: 1
[27-Nov-2025 02:47:19 Asia/Kuala_Lumpur] [Preview] Work rows: 1
[27-Nov-2025 02:47:19 Asia/Kuala_Lumpur] [Preview] Reference rows: 2
[27-Nov-2025 02:47:19 Asia/Kuala_Lumpur] [Preview] Family rows: 2
