[2025-11-24 07:18:39] [DEBUG_INFO] [File: ] [Line: ] ID Parameter in job-edit.php: 10
[2025-11-24 07:18:59] [DEBUG_INFO] [File: ] [Line: ] ID Parameter in job-edit.php: 10
[2025-11-24 07:18:59] [DEBUG_INFO] [File: ] [Line: ] 
Database Host: db
Database Name: ejawatan_db
Database User: ejawatan_user
PDO Connection: Success
Connection Method: PDO
[2025-11-24 07:18:59] [DEBUG_INFO] [File: ] [Line: ] 
job_postings table exists: Yes
Table columns: id, job_code, edaran_iklan, ad_date, ad_close_date, job_title, kod_gred, salary_min, salary_max, requirements, created_at, updated_at, status, job_requirements
Total records: 4
SQL Query: SELECT * FROM job_postings ORDER BY id DESC
Records fetched: 4
First record: Array
(
    [id] => 10
    [job_code] => EJMPHS20251021001825
    [edaran_iklan] => DALAMAN SAHAJA (MPHS)
    [ad_date] => 2025-10-21
    [ad_close_date] => 2025-12-05
    [job_title] => PEGAWAI PENGUATUASA JALAN
    [kod_gred] => N22
    [salary_min] => 4400.00
    [salary_max] => 5500.00
    [requirements] => <p>test jawatan yagn di sanding pada sistem</p><p>kini system berjaya</p><ul><li>masukkan maklumat </li><li>perengan ke 2 telah dimasukkan</li></ul>
    [created_at] => 2025-10-20 16:18:25
    [updated_at] => 2025-11-23 23:18:59
    [status] => 1
    [job_requirements] => {"bangsa": "", "gender": "", "license": ["B"], "birth_state": "", "nationality": "Warganegara Malaysia", "min_education": "", "min_selangor_years": ""}
)

[2025-11-24 07:18:59] [DEBUG_INFO] [File: ] [Line: ] Today's Date: 2025-11-24
[2025-11-24 07:19:03] [DEBUG_INFO] [File: ] [Line: ] Job Code Parameter in job-edit.php: EJMPHS20251021001825
[2025-11-24 07:19:10] [DEBUG_INFO] [File: ] [Line: ] 
Database Host: db
Database Name: ejawatan_db
Database User: ejawatan_user
PDO Connection: Success
Connection Method: PDO
[2025-11-24 07:19:10] [DEBUG_INFO] [File: ] [Line: ] 
job_postings table exists: Yes
Table columns: id, job_code, edaran_iklan, ad_date, ad_close_date, job_title, kod_gred, salary_min, salary_max, requirements, created_at, updated_at, status, job_requirements
Total records: 4
SQL Query: SELECT * FROM job_postings ORDER BY id DESC
Records fetched: 4
First record: Array
(
    [id] => 10
    [job_code] => EJMPHS20251021001825
    [edaran_iklan] => DALAMAN SAHAJA (MPHS)
    [ad_date] => 2025-10-21
    [ad_close_date] => 2025-12-05
    [job_title] => PEGAWAI PENGUATUASA JALAN
    [kod_gred] => N22
    [salary_min] => 4400.00
    [salary_max] => 5500.00
    [requirements] => <p>test jawatan yagn di sanding pada sistem</p><p>kini system berjaya</p><ul><li>masukkan maklumat </li><li>perengan ke 2 telah dimasukkan</li></ul>
    [created_at] => 2025-10-20 16:18:25
    [updated_at] => 2025-11-23 23:18:59
    [status] => 1
    [job_requirements] => {"bangsa": "", "gender": "", "license": ["B"], "birth_state": "", "nationality": "Warganegara Malaysia", "min_education": "", "min_selangor_years": ""}
)

[2025-11-24 07:19:10] [DEBUG_INFO] [File: ] [Line: ] Today's Date: 2025-11-24
[2025-11-24 07:19:12] [DEBUG_INFO] [File: ] [Line: ] Job Code Parameter in job-view.php: EJMPHS20251021001825
[2025-11-24 07:19:19] [DEBUG_INFO] [File: ] [Line: ] 
Database Host: db
Database Name: ejawatan_db
Database User: ejawatan_user
PDO Connection: Success
Connection Method: PDO
[2025-11-24 07:19:19] [DEBUG_INFO] [File: ] [Line: ] 
job_postings table exists: Yes
Table columns: id, job_code, edaran_iklan, ad_date, ad_close_date, job_title, kod_gred, salary_min, salary_max, requirements, created_at, updated_at, status, job_requirements
Total records: 4
SQL Query: SELECT * FROM job_postings ORDER BY id DESC
Records fetched: 4
First record: Array
(
    [id] => 10
    [job_code] => EJMPHS20251021001825
    [edaran_iklan] => DALAMAN SAHAJA (MPHS)
    [ad_date] => 2025-10-21
    [ad_close_date] => 2025-12-05
    [job_title] => PEGAWAI PENGUATUASA JALAN
    [kod_gred] => N22
    [salary_min] => 4400.00
    [salary_max] => 5500.00
    [requirements] => <p>test jawatan yagn di sanding pada sistem</p><p>kini system berjaya</p><ul><li>masukkan maklumat </li><li>perengan ke 2 telah dimasukkan</li></ul>
    [created_at] => 2025-10-20 16:18:25
    [updated_at] => 2025-11-23 23:18:59
    [status] => 1
    [job_requirements] => {"bangsa": "", "gender": "", "license": ["B"], "birth_state": "", "nationality": "Warganegara Malaysia", "min_education": "", "min_selangor_years": ""}
)

[2025-11-24 07:19:19] [DEBUG_INFO] [File: ] [Line: ] Today's Date: 2025-11-24
[2025-11-24 07:19:22] [DEBUG_INFO] [File: ] [Line: ] Job Code Parameter in job-view.php: JOB-000003
[2025-11-24 07:20:44] [DEBUG_INFO] [File: ] [Line: ] Job Code Parameter in job-view.php: JOB-000003
[2025-11-24 07:25:35] [DEBUG_INFO] [File: ] [Line: ] 
Database Host: db
Database Name: ejawatan_db
Database User: ejawatan_user
PDO Connection: Success
Connection Method: PDO
[2025-11-24 07:25:35] [DEBUG_INFO] [File: ] [Line: ] 
job_postings table exists: Yes
Table columns: id, job_code, edaran_iklan, ad_date, ad_close_date, job_title, kod_gred, salary_min, salary_max, requirements, created_at, updated_at, status, job_requirements
Total records: 4
SQL Query: SELECT * FROM job_postings ORDER BY id DESC
Records fetched: 4
First record: Array
(
    [id] => 10
    [job_code] => EJMPHS20251021001825
    [edaran_iklan] => DALAMAN SAHAJA (MPHS)
    [ad_date] => 2025-10-21
    [ad_close_date] => 2025-12-05
    [job_title] => PEGAWAI PENGUATUASA JALAN
    [kod_gred] => N22
    [salary_min] => 4400.00
    [salary_max] => 5500.00
    [requirements] => <p>test jawatan yagn di sanding pada sistem</p><p>kini system berjaya</p><ul><li>masukkan maklumat </li><li>perengan ke 2 telah dimasukkan</li></ul>
    [created_at] => 2025-10-20 16:18:25
    [updated_at] => 2025-11-23 23:18:59
    [status] => 1
    [job_requirements] => {"bangsa": "", "gender": "", "license": ["B"], "birth_state": "", "nationality": "Warganegara Malaysia", "min_education": "", "min_selangor_years": ""}
)

[2025-11-24 07:25:35] [DEBUG_INFO] [File: ] [Line: ] Today's Date: 2025-11-24
[2025-11-24 07:25:49] [DEBUG_INFO] [File: ] [Line: ] 
Database Host: db
Database Name: ejawatan_db
Database User: ejawatan_user
PDO Connection: Success
Connection Method: PDO
[2025-11-24 07:25:49] [DEBUG_INFO] [File: ] [Line: ] 
job_postings table exists: Yes
Table columns: id, job_code, edaran_iklan, ad_date, ad_close_date, job_title, kod_gred, salary_min, salary_max, requirements, created_at, updated_at, status, job_requirements
Total records: 4
SQL Query: SELECT * FROM job_postings ORDER BY id DESC
Records fetched: 4
First record: Array
(
    [id] => 10
    [job_code] => EJMPHS20251021001825
    [edaran_iklan] => DALAMAN SAHAJA (MPHS)
    [ad_date] => 2025-10-21
    [ad_close_date] => 2025-12-05
    [job_title] => PEGAWAI PENGUATUASA JALAN
    [kod_gred] => N22
    [salary_min] => 4400.00
    [salary_max] => 5500.00
    [requirements] => <p>test jawatan yagn di sanding pada sistem</p><p>kini system berjaya</p><ul><li>masukkan maklumat </li><li>perengan ke 2 telah dimasukkan</li></ul>
    [created_at] => 2025-10-20 16:18:25
    [updated_at] => 2025-11-23 23:18:59
    [status] => 1
    [job_requirements] => {"bangsa": "", "gender": "", "license": ["B"], "birth_state": "", "nationality": "Warganegara Malaysia", "min_education": "", "min_selangor_years": ""}
)

[2025-11-24 07:25:49] [DEBUG_INFO] [File: ] [Line: ] Today's Date: 2025-11-24
[2025-11-24 07:28:52] [DEBUG_INFO] [File: ] [Line: ] 
Database Host: db
Database Name: ejawatan_db
Database User: ejawatan_user
PDO Connection: Success
Connection Method: PDO
[2025-11-24 07:28:52] [DEBUG_INFO] [File: ] [Line: ] 
job_postings table exists: Yes
Table columns: id, job_code, edaran_iklan, ad_date, ad_close_date, job_title, kod_gred, salary_min, salary_max, requirements, created_at, updated_at, status, job_requirements
Total records: 4
SQL Query: SELECT * FROM job_postings ORDER BY id DESC
Records fetched: 4
First record: Array
(
    [id] => 10
    [job_code] => EJMPHS20251021001825
    [edaran_iklan] => DALAMAN SAHAJA (MPHS)
    [ad_date] => 2025-10-21
    [ad_close_date] => 2025-12-05
    [job_title] => PEGAWAI PENGUATUASA JALAN
    [kod_gred] => N22
    [salary_min] => 4400.00
    [salary_max] => 5500.00
    [requirements] => <p>test jawatan yagn di sanding pada sistem</p><p>kini system berjaya</p><ul><li>masukkan maklumat </li><li>perengan ke 2 telah dimasukkan</li></ul>
    [created_at] => 2025-10-20 16:18:25
    [updated_at] => 2025-11-23 23:18:59
    [status] => 1
    [job_requirements] => {"bangsa": "", "gender": "", "license": ["B"], "birth_state": "", "nationality": "Warganegara Malaysia", "min_education": "", "min_selangor_years": ""}
)

[2025-11-24 07:28:52] [DEBUG_INFO] [File: ] [Line: ] Today's Date: 2025-11-24
[2025-11-24 07:28:54] [DEBUG_INFO] [File: ] [Line: ] Job Code Parameter in job-view.php: EJMPHS20251021001825
[2025-11-24 07:29:23] [DEBUG_INFO] [File: ] [Line: ] Job Code Parameter in job-view.php: EJMPHS20251021001825
[2025-11-24 07:31:39] [DEBUG_INFO] [File: ] [Line: ] 
Database Host: db
Database Name: ejawatan_db
Database User: ejawatan_user
PDO Connection: Success
Connection Method: PDO
[2025-11-24 07:31:39] [DEBUG_INFO] [File: ] [Line: ] 
job_postings table exists: Yes
Table columns: id, job_code, edaran_iklan, ad_date, ad_close_date, job_title, kod_gred, salary_min, salary_max, requirements, created_at, updated_at, status, job_requirements
Total records: 4
SQL Query: SELECT * FROM job_postings ORDER BY id DESC
Records fetched: 4
First record: Array
(
    [id] => 10
    [job_code] => EJMPHS20251021001825
    [edaran_iklan] => DALAMAN SAHAJA (MPHS)
    [ad_date] => 2025-10-21
    [ad_close_date] => 2025-12-05
    [job_title] => PEGAWAI PENGUATUASA JALAN
    [kod_gred] => N22
    [salary_min] => 4400.00
    [salary_max] => 5500.00
    [requirements] => <p>test jawatan yagn di sanding pada sistem</p><p>kini system berjaya</p><ul><li>masukkan maklumat </li><li>perengan ke 2 telah dimasukkan</li></ul>
    [created_at] => 2025-10-20 16:18:25
    [updated_at] => 2025-11-23 23:18:59
    [status] => 1
    [job_requirements] => {"bangsa": "", "gender": "", "license": ["B"], "birth_state": "", "nationality": "Warganegara Malaysia", "min_education": "", "min_selangor_years": ""}
)

[2025-11-24 07:31:39] [DEBUG_INFO] [File: ] [Line: ] Today's Date: 2025-11-24
[2025-11-24 07:32:08] [DEBUG_INFO] [File: ] [Line: ] 
Database Host: db
Database Name: ejawatan_db
Database User: ejawatan_user
PDO Connection: Success
Connection Method: PDO
[2025-11-24 07:32:08] [DEBUG_INFO] [File: ] [Line: ] 
job_postings table exists: Yes
Table columns: id, job_code, edaran_iklan, ad_date, ad_close_date, job_title, kod_gred, salary_min, salary_max, requirements, created_at, updated_at, status, job_requirements
Total records: 4
SQL Query: SELECT * FROM job_postings ORDER BY id DESC
Records fetched: 4
First record: Array
(
    [id] => 10
    [job_code] => EJMPHS20251021001825
    [edaran_iklan] => DALAMAN SAHAJA (MPHS)
    [ad_date] => 2025-10-21
    [ad_close_date] => 2025-12-05
    [job_title] => PEGAWAI PENGUATUASA JALAN
    [kod_gred] => N22
    [salary_min] => 4400.00
    [salary_max] => 5500.00
    [requirements] => <p>test jawatan yagn di sanding pada sistem</p><p>kini system berjaya</p><ul><li>masukkan maklumat </li><li>perengan ke 2 telah dimasukkan</li></ul>
    [created_at] => 2025-10-20 16:18:25
    [updated_at] => 2025-11-23 23:18:59
    [status] => 1
    [job_requirements] => {"bangsa": "", "gender": "", "license": ["B"], "birth_state": "", "nationality": "Warganegara Malaysia", "min_education": "", "min_selangor_years": ""}
)

[2025-11-24 07:32:08] [DEBUG_INFO] [File: ] [Line: ] Today's Date: 2025-11-24
[2025-11-24 07:32:25] [DEBUG_INFO] [File: ] [Line: ] 
Database Host: db
Database Name: ejawatan_db
Database User: ejawatan_user
PDO Connection: Success
Connection Method: PDO
[2025-11-24 07:32:25] [DEBUG_INFO] [File: ] [Line: ] 
job_postings table exists: Yes
Table columns: id, job_code, edaran_iklan, ad_date, ad_close_date, job_title, kod_gred, salary_min, salary_max, requirements, created_at, updated_at, status, job_requirements
Total records: 4
SQL Query: SELECT * FROM job_postings ORDER BY id DESC
Records fetched: 4
First record: Array
(
    [id] => 10
    [job_code] => EJMPHS20251021001825
    [edaran_iklan] => DALAMAN SAHAJA (MPHS)
    [ad_date] => 2025-10-21
    [ad_close_date] => 2025-12-05
    [job_title] => PEGAWAI PENGUATUASA JALAN
    [kod_gred] => N22
    [salary_min] => 4400.00
    [salary_max] => 5500.00
    [requirements] => <p>test jawatan yagn di sanding pada sistem</p><p>kini system berjaya</p><ul><li>masukkan maklumat </li><li>perengan ke 2 telah dimasukkan</li></ul>
    [created_at] => 2025-10-20 16:18:25
    [updated_at] => 2025-11-23 23:18:59
    [status] => 1
    [job_requirements] => {"bangsa": "", "gender": "", "license": ["B"], "birth_state": "", "nationality": "Warganegara Malaysia", "min_education": "", "min_selangor_years": ""}
)

[2025-11-24 07:32:25] [DEBUG_INFO] [File: ] [Line: ] Today's Date: 2025-11-24
[2025-11-24 07:34:41] [DEBUG_INFO] [File: ] [Line: ] 
Database Host: db
Database Name: ejawatan_db
Database User: ejawatan_user
PDO Connection: Success
Connection Method: PDO
[2025-11-24 07:34:41] [DEBUG_INFO] [File: ] [Line: ] 
job_postings table exists: Yes
Table columns: id, job_code, edaran_iklan, ad_date, ad_close_date, job_title, kod_gred, salary_min, salary_max, requirements, created_at, updated_at, status, job_requirements
Total records: 4
SQL Query: SELECT * FROM job_postings ORDER BY id DESC
Records fetched: 4
First record: Array
(
    [id] => 10
    [job_code] => EJMPHS20251021001825
    [edaran_iklan] => DALAMAN SAHAJA (MPHS)
    [ad_date] => 2025-10-21
    [ad_close_date] => 2025-12-05
    [job_title] => PEGAWAI PENGUATUASA JALAN
    [kod_gred] => N22
    [salary_min] => 4400.00
    [salary_max] => 5500.00
    [requirements] => <p>test jawatan yagn di sanding pada sistem</p><p>kini system berjaya</p><ul><li>masukkan maklumat </li><li>perengan ke 2 telah dimasukkan</li></ul>
    [created_at] => 2025-10-20 16:18:25
    [updated_at] => 2025-11-23 23:18:59
    [status] => 1
    [job_requirements] => {"bangsa": "", "gender": "", "license": ["B"], "birth_state": "", "nationality": "Warganegara Malaysia", "min_education": "", "min_selangor_years": ""}
)

[2025-11-24 07:34:41] [DEBUG_INFO] [File: ] [Line: ] Today's Date: 2025-11-24
[2025-11-24 07:34:47] [DEBUG_INFO] [File: ] [Line: ] Job Code Parameter in job-edit.php: EJMPHS20251021001825
[2025-11-24 07:34:59] [DEBUG_INFO] [File: ] [Line: ] Job Code Parameter in job-edit.php: EJMPHS20251021001825
[2025-11-24 07:34:59] [ERROR] [File: /var/www/html/admin/job-edit.php] [Line: 91] Undefined variable $id
[2025-11-24 07:34:59] [ERROR] [File: /var/www/html/admin/job-edit.php] [Line: 109] Undefined variable $id
[2025-11-24 07:34:59] [DEBUG_INFO] [File: ] [Line: ] 
Database Host: db
Database Name: ejawatan_db
Database User: ejawatan_user
PDO Connection: Success
Connection Method: PDO
[2025-11-24 07:34:59] [DEBUG_INFO] [File: ] [Line: ] 
job_postings table exists: Yes
Table columns: id, job_code, edaran_iklan, ad_date, ad_close_date, job_title, kod_gred, salary_min, salary_max, requirements, created_at, updated_at, status, job_requirements
Total records: 4
SQL Query: SELECT * FROM job_postings ORDER BY id DESC
Records fetched: 4
First record: Array
(
    [id] => 10
    [job_code] => EJMPHS20251021001825
    [edaran_iklan] => DALAMAN SAHAJA (MPHS)
    [ad_date] => 2025-10-21
    [ad_close_date] => 2025-12-05
    [job_title] => PEGAWAI PENGUATUASA JALAN
    [kod_gred] => N22
    [salary_min] => 4400.00
    [salary_max] => 5500.00
    [requirements] => <p>test jawatan yagn di sanding pada sistem</p><p>kini system berjaya</p><ul><li>masukkan maklumat </li><li>perengan ke 2 telah dimasukkan</li></ul>
    [created_at] => 2025-10-20 16:18:25
    [updated_at] => 2025-11-23 23:18:59
    [status] => 1
    [job_requirements] => {"bangsa": "", "gender": "", "license": ["B"], "birth_state": "", "nationality": "Warganegara Malaysia", "min_education": "", "min_selangor_years": ""}
)

[2025-11-24 07:34:59] [DEBUG_INFO] [File: ] [Line: ] Today's Date: 2025-11-24
[2025-11-24 07:35:03] [DEBUG_INFO] [File: ] [Line: ] Job Code Parameter in job-view.php: EJMPHS20251021001825
[2025-11-24 07:36:06] [DEBUG_INFO] [File: ] [Line: ] 
Database Host: db
Database Name: ejawatan_db
Database User: ejawatan_user
PDO Connection: Success
Connection Method: PDO
[2025-11-24 07:36:06] [DEBUG_INFO] [File: ] [Line: ] 
job_postings table exists: Yes
Table columns: id, job_code, edaran_iklan, ad_date, ad_close_date, job_title, kod_gred, salary_min, salary_max, requirements, created_at, updated_at, status, job_requirements
Total records: 4
SQL Query: SELECT * FROM job_postings ORDER BY id DESC
Records fetched: 4
First record: Array
(
    [id] => 10
    [job_code] => EJMPHS20251021001825
    [edaran_iklan] => DALAMAN SAHAJA (MPHS)
    [ad_date] => 2025-10-21
    [ad_close_date] => 2025-12-05
    [job_title] => PEGAWAI PENGUATUASA JALAN
    [kod_gred] => N22
    [salary_min] => 4400.00
    [salary_max] => 5500.00
    [requirements] => <p>test jawatan yagn di sanding pada sistem</p><p>kini system berjaya</p><ul><li>masukkan maklumat </li><li>perengan ke 2 telah dimasukkan</li></ul>
    [created_at] => 2025-10-20 16:18:25
    [updated_at] => 2025-11-23 23:18:59
    [status] => 1
    [job_requirements] => {"bangsa": "", "gender": "", "license": ["B"], "birth_state": "", "nationality": "Warganegara Malaysia", "min_education": "", "min_selangor_years": ""}
)

[2025-11-24 07:36:06] [DEBUG_INFO] [File: ] [Line: ] Today's Date: 2025-11-24
[2025-11-24 07:36:08] [DEBUG_INFO] [File: ] [Line: ] Job Code Parameter in job-view.php: EJMPHS20251021001825
[2025-11-24 07:41:14] [DEBUG_INFO] [File: ] [Line: ] 
Database Host: db
Database Name: ejawatan_db
Database User: ejawatan_user
PDO Connection: Success
Connection Method: PDO
[2025-11-24 07:41:15] [DEBUG_INFO] [File: ] [Line: ] 
job_postings table exists: Yes
Table columns: id, job_code, edaran_iklan, ad_date, ad_close_date, job_title, kod_gred, salary_min, salary_max, requirements, created_at, updated_at, status, job_requirements
Total records: 4
SQL Query: SELECT * FROM job_postings ORDER BY id DESC
Records fetched: 4
First record: Array
(
    [id] => 10
    [job_code] => EJMPHS20251021001825
    [edaran_iklan] => DALAMAN SAHAJA (MPHS)
    [ad_date] => 2025-10-21
    [ad_close_date] => 2025-12-05
    [job_title] => PEGAWAI PENGUATUASA JALAN
    [kod_gred] => N22
    [salary_min] => 4400.00
    [salary_max] => 5500.00
    [requirements] => <p>test jawatan yagn di sanding pada sistem</p><p>kini system berjaya</p><ul><li>masukkan maklumat </li><li>perengan ke 2 telah dimasukkan</li></ul>
    [created_at] => 2025-10-20 16:18:25
    [updated_at] => 2025-11-23 23:18:59
    [status] => 1
    [job_requirements] => {"bangsa": "", "gender": "", "license": ["B"], "birth_state": "", "nationality": "Warganegara Malaysia", "min_education": "", "min_selangor_years": ""}
)

[2025-11-24 07:41:15] [DEBUG_INFO] [File: ] [Line: ] Today's Date: 2025-11-24
[2025-11-24 07:52:00] [DEBUG_INFO] [File: ] [Line: ] 
Database Host: db
Database Name: ejawatan_db
Database User: ejawatan_user
PDO Connection: Success
Connection Method: PDO
[2025-11-24 07:52:00] [DEBUG_INFO] [File: ] [Line: ] 
job_postings table exists: Yes
Table columns: id, job_code, edaran_iklan, ad_date, ad_close_date, job_title, kod_gred, salary_min, salary_max, requirements, created_at, updated_at, status, job_requirements
Total records: 4
SQL Query: SELECT * FROM job_postings ORDER BY id DESC
Records fetched: 4
First record: Array
(
    [id] => 10
    [job_code] => EJMPHS20251021001825
    [edaran_iklan] => DALAMAN SAHAJA (MPHS)
    [ad_date] => 2025-10-21
    [ad_close_date] => 2025-12-05
    [job_title] => PEGAWAI PENGUATUASA JALAN
    [kod_gred] => N22
    [salary_min] => 4400.00
    [salary_max] => 5500.00
    [requirements] => <p>test jawatan yagn di sanding pada sistem</p><p>kini system berjaya</p><ul><li>masukkan maklumat </li><li>perengan ke 2 telah dimasukkan</li></ul>
    [created_at] => 2025-10-20 16:18:25
    [updated_at] => 2025-11-23 23:18:59
    [status] => 1
    [job_requirements] => {"bangsa": "", "gender": "", "license": ["B"], "birth_state": "", "nationality": "Warganegara Malaysia", "min_education": "", "min_selangor_years": ""}
)

[2025-11-24 07:52:01] [DEBUG_INFO] [File: ] [Line: ] Today's Date: 2025-11-24
[2025-11-24 07:52:11] [DEBUG_INFO] [File: ] [Line: ] Job Code Parameter in job-view.php: EJMPHS20251021001825
[2025-11-24 08:05:19] [DEBUG_INFO] [File: ] [Line: ] Job Code Parameter in job-view.php: EJMPHS20251021001825
[2025-11-24 08:09:21] [DEBUG_INFO] [File: ] [Line: ] Job Code Parameter in job-view.php: EJMPHS20251021001825
[2025-11-24 08:09:59] [DEBUG_INFO] [File: ] [Line: ] ID Parameter in job-edit.php: 10
[2025-11-24 08:10:05] [DEBUG_INFO] [File: ] [Line: ] ID Parameter in job-edit.php: 10
[2025-11-24 08:10:05] [DEBUG_INFO] [File: ] [Line: ] 
Database Host: db
Database Name: ejawatan_db
Database User: ejawatan_user
PDO Connection: Success
Connection Method: PDO
[2025-11-24 08:10:05] [DEBUG_INFO] [File: ] [Line: ] 
job_postings table exists: Yes
Table columns: id, job_code, edaran_iklan, ad_date, ad_close_date, job_title, kod_gred, salary_min, salary_max, requirements, created_at, updated_at, status, job_requirements
Total records: 4
SQL Query: SELECT * FROM job_postings ORDER BY id DESC
Records fetched: 4
First record: Array
(
    [id] => 10
    [job_code] => EJMPHS20251021001825
    [edaran_iklan] => DALAMAN SAHAJA (MPHS)
    [ad_date] => 2025-10-21
    [ad_close_date] => 2025-12-05
    [job_title] => PEGAWAI PENGUATUASA JALAN
    [kod_gred] => N22
    [salary_min] => 4400.00
    [salary_max] => 5500.00
    [requirements] => <p>test jawatan yagn di sanding pada sistem</p><p>kini system berjaya</p><ul><li>masukkan maklumat </li><li>perengan ke 2 telah dimasukkan</li></ul>
    [created_at] => 2025-10-20 16:18:25
    [updated_at] => 2025-11-24 00:10:05
    [status] => 1
    [job_requirements] => {"bangsa": "", "gender": "", "license": ["B"], "birth_state": "", "nationality": "", "min_education": "", "min_selangor_years": ""}
)

[2025-11-24 08:10:05] [DEBUG_INFO] [File: ] [Line: ] Today's Date: 2025-11-24
[2025-11-24 08:10:07] [DEBUG_INFO] [File: ] [Line: ] Job Code Parameter in job-view.php: EJMPHS20251021001825
[2025-11-24 08:14:23] [DEBUG_INFO] [File: ] [Line: ] 
Database Host: db
Database Name: ejawatan_db
Database User: ejawatan_user
PDO Connection: Success
Connection Method: PDO
[2025-11-24 08:14:23] [DEBUG_INFO] [File: ] [Line: ] 
job_postings table exists: Yes
Table columns: id, job_code, edaran_iklan, ad_date, ad_close_date, job_title, kod_gred, salary_min, salary_max, requirements, created_at, updated_at, status, job_requirements
Total records: 4
SQL Query: SELECT * FROM job_postings ORDER BY id DESC
Records fetched: 4
First record: Array
(
    [id] => 10
    [job_code] => EJMPHS20251021001825
    [edaran_iklan] => DALAMAN SAHAJA (MPHS)
    [ad_date] => 2025-10-21
    [ad_close_date] => 2025-12-05
    [job_title] => PEGAWAI PENGUATUASA JALAN
    [kod_gred] => N22
    [salary_min] => 4400.00
    [salary_max] => 5500.00
    [requirements] => <p>test jawatan yagn di sanding pada sistem</p><p>kini system berjaya</p><ul><li>masukkan maklumat </li><li>perengan ke 2 telah dimasukkan</li></ul>
    [created_at] => 2025-10-20 16:18:25
    [updated_at] => 2025-11-24 00:10:05
    [status] => 1
    [job_requirements] => {"bangsa": "", "gender": "", "license": ["B"], "birth_state": "", "nationality": "", "min_education": "", "min_selangor_years": ""}
)

[2025-11-24 08:14:23] [DEBUG_INFO] [File: ] [Line: ] Today's Date: 2025-11-24
[2025-11-24 08:14:26] [DEBUG_INFO] [File: ] [Line: ] Job Code Parameter in job-view.php: EJMPHS20251021001825
[2025-11-24 08:14:34] [DEBUG_INFO] [File: ] [Line: ] ID Parameter in job-edit.php: 10
[2025-11-24 08:14:38] [DEBUG_INFO] [File: ] [Line: ] ID Parameter in job-edit.php: 10
[2025-11-24 08:14:38] [DEBUG_INFO] [File: ] [Line: ] 
Database Host: db
Database Name: ejawatan_db
Database User: ejawatan_user
PDO Connection: Success
Connection Method: PDO
[2025-11-24 08:14:38] [DEBUG_INFO] [File: ] [Line: ] 
job_postings table exists: Yes
Table columns: id, job_code, edaran_iklan, ad_date, ad_close_date, job_title, kod_gred, salary_min, salary_max, requirements, created_at, updated_at, status, job_requirements
Total records: 4
SQL Query: SELECT * FROM job_postings ORDER BY id DESC
Records fetched: 4
First record: Array
(
    [id] => 10
    [job_code] => EJMPHS20251021001825
    [edaran_iklan] => DALAMAN SAHAJA (MPHS)
    [ad_date] => 2025-10-21
    [ad_close_date] => 2025-12-05
    [job_title] => PEGAWAI PENGUATUASA JALAN
    [kod_gred] => N22
    [salary_min] => 4400.00
    [salary_max] => 5500.00
    [requirements] => <p>test jawatan yagn di sanding pada sistem</p><p>kini system berjaya</p><ul><li>masukkan maklumat </li><li>perengan ke 2 telah dimasukkan</li></ul>
    [created_at] => 2025-10-20 16:18:25
    [updated_at] => 2025-11-24 00:14:38
    [status] => 1
    [job_requirements] => {"bangsa": "", "gender": "", "license": ["B", "B2"], "birth_state": "", "nationality": "", "min_education": "", "min_selangor_years": ""}
)

[2025-11-24 08:14:38] [DEBUG_INFO] [File: ] [Line: ] Today's Date: 2025-11-24
[2025-11-24 08:18:48] [DEBUG_INFO] [File: ] [Line: ] Job Code Parameter in job-edit.php: EJMPHS20251021001825
[2025-11-24 08:18:53] [DEBUG_INFO] [File: ] [Line: ] Job Code Parameter in job-edit.php: EJMPHS20251021001825
[2025-11-24 08:18:53] [ERROR] [File: /var/www/html/admin/job-edit.php] [Line: 91] Undefined variable $id
[2025-11-24 08:18:53] [ERROR] [File: /var/www/html/admin/job-edit.php] [Line: 109] Undefined variable $id
[2025-11-24 08:18:53] [DEBUG_INFO] [File: ] [Line: ] 
Database Host: db
Database Name: ejawatan_db
Database User: ejawatan_user
PDO Connection: Success
Connection Method: PDO
[2025-11-24 08:18:53] [DEBUG_INFO] [File: ] [Line: ] 
job_postings table exists: Yes
Table columns: id, job_code, edaran_iklan, ad_date, ad_close_date, job_title, kod_gred, salary_min, salary_max, requirements, created_at, updated_at, status, job_requirements
Total records: 4
SQL Query: SELECT * FROM job_postings ORDER BY id DESC
Records fetched: 4
First record: Array
(
    [id] => 10
    [job_code] => EJMPHS20251021001825
    [edaran_iklan] => DALAMAN SAHAJA (MPHS)
    [ad_date] => 2025-10-21
    [ad_close_date] => 2025-12-05
    [job_title] => PEGAWAI PENGUATUASA JALAN
    [kod_gred] => N22
    [salary_min] => 4400.00
    [salary_max] => 5500.00
    [requirements] => <p>test jawatan yagn di sanding pada sistem</p><p>kini system berjaya</p><ul><li>masukkan maklumat </li><li>perengan ke 2 telah dimasukkan</li></ul>
    [created_at] => 2025-10-20 16:18:25
    [updated_at] => 2025-11-24 00:14:38
    [status] => 1
    [job_requirements] => {"bangsa": "", "gender": "", "license": ["B", "B2"], "birth_state": "", "nationality": "", "min_education": "", "min_selangor_years": ""}
)

[2025-11-24 08:18:53] [DEBUG_INFO] [File: ] [Line: ] Today's Date: 2025-11-24
[2025-11-24 08:23:54] [DEBUG_INFO] [File: ] [Line: ] Job Code Parameter in job-edit.php: JOB-000003
[2025-11-24 08:24:02] [DEBUG_INFO] [File: ] [Line: ] Job Code Parameter in job-edit.php: JOB-000003
[2025-11-24 08:24:02] [ERROR] [File: /var/www/html/admin/job-edit.php] [Line: 91] Undefined variable $id
[2025-11-24 08:24:02] [ERROR] [File: /var/www/html/admin/job-edit.php] [Line: 109] Undefined variable $id
[2025-11-24 08:24:02] [DEBUG_INFO] [File: ] [Line: ] 
Database Host: db
Database Name: ejawatan_db
Database User: ejawatan_user
PDO Connection: Success
Connection Method: PDO
[2025-11-24 08:24:02] [DEBUG_INFO] [File: ] [Line: ] 
job_postings table exists: Yes
Table columns: id, job_code, edaran_iklan, ad_date, ad_close_date, job_title, kod_gred, salary_min, salary_max, requirements, created_at, updated_at, status, job_requirements
Total records: 4
SQL Query: SELECT * FROM job_postings ORDER BY id DESC
Records fetched: 4
First record: Array
(
    [id] => 10
    [job_code] => EJMPHS20251021001825
    [edaran_iklan] => DALAMAN SAHAJA (MPHS)
    [ad_date] => 2025-10-21
    [ad_close_date] => 2025-12-05
    [job_title] => PEGAWAI PENGUATUASA JALAN
    [kod_gred] => N22
    [salary_min] => 4400.00
    [salary_max] => 5500.00
    [requirements] => <p>test jawatan yagn di sanding pada sistem</p><p>kini system berjaya</p><ul><li>masukkan maklumat </li><li>perengan ke 2 telah dimasukkan</li></ul>
    [created_at] => 2025-10-20 16:18:25
    [updated_at] => 2025-11-24 00:14:38
    [status] => 1
    [job_requirements] => {"bangsa": "", "gender": "", "license": ["B", "B2"], "birth_state": "", "nationality": "", "min_education": "", "min_selangor_years": ""}
)

[2025-11-24 08:24:02] [DEBUG_INFO] [File: ] [Line: ] Today's Date: 2025-11-24
[2025-11-24 08:24:13] [DEBUG_INFO] [File: ] [Line: ] Job Code Parameter in job-view.php: JOB-000003
[2025-11-24 08:24:17] [DEBUG_INFO] [File: ] [Line: ] ID Parameter in job-edit.php: 3
[2025-11-24 08:24:23] [DEBUG_INFO] [File: ] [Line: ] ID Parameter in job-edit.php: 3
[2025-11-24 08:24:24] [DEBUG_INFO] [File: ] [Line: ] 
Database Host: db
Database Name: ejawatan_db
Database User: ejawatan_user
PDO Connection: Success
Connection Method: PDO
[2025-11-24 08:24:24] [DEBUG_INFO] [File: ] [Line: ] 
job_postings table exists: Yes
Table columns: id, job_code, edaran_iklan, ad_date, ad_close_date, job_title, kod_gred, salary_min, salary_max, requirements, created_at, updated_at, status, job_requirements
Total records: 4
SQL Query: SELECT * FROM job_postings ORDER BY id DESC
Records fetched: 4
First record: Array
(
    [id] => 10
    [job_code] => EJMPHS20251021001825
    [edaran_iklan] => DALAMAN SAHAJA (MPHS)
    [ad_date] => 2025-10-21
    [ad_close_date] => 2025-12-05
    [job_title] => PEGAWAI PENGUATUASA JALAN
    [kod_gred] => N22
    [salary_min] => 4400.00
    [salary_max] => 5500.00
    [requirements] => <p>test jawatan yagn di sanding pada sistem</p><p>kini system berjaya</p><ul><li>masukkan maklumat </li><li>perengan ke 2 telah dimasukkan</li></ul>
    [created_at] => 2025-10-20 16:18:25
    [updated_at] => 2025-11-24 00:14:38
    [status] => 1
    [job_requirements] => {"bangsa": "", "gender": "", "license": ["B", "B2"], "birth_state": "", "nationality": "", "min_education": "", "min_selangor_years": ""}
)

[2025-11-24 08:24:24] [DEBUG_INFO] [File: ] [Line: ] Today's Date: 2025-11-24
[2025-11-24 08:24:27] [DEBUG_INFO] [File: ] [Line: ] Job Code Parameter in job-view.php: JOB-000003
[2025-11-24 09:07:47] [DEBUG_INFO] [File: ] [Line: ] ID Parameter in job-edit.php: 3
[2025-11-24 09:07:52] [DEBUG_INFO] [File: ] [Line: ] ID Parameter in job-edit.php: 3
[2025-11-24 09:07:52] [DEBUG_INFO] [File: ] [Line: ] 
Database Host: db
Database Name: ejawatan_db
Database User: ejawatan_user
PDO Connection: Success
Connection Method: PDO
[2025-11-24 09:07:52] [DEBUG_INFO] [File: ] [Line: ] 
job_postings table exists: Yes
Table columns: id, job_code, edaran_iklan, ad_date, ad_close_date, job_title, kod_gred, salary_min, salary_max, requirements, created_at, updated_at, status, job_requirements
Total records: 4
SQL Query: SELECT * FROM job_postings ORDER BY id DESC
Records fetched: 4
First record: Array
(
    [id] => 10
    [job_code] => EJMPHS20251021001825
    [edaran_iklan] => DALAMAN SAHAJA (MPHS)
    [ad_date] => 2025-10-21
    [ad_close_date] => 2025-12-05
    [job_title] => PEGAWAI PENGUATUASA JALAN
    [kod_gred] => N22
    [salary_min] => 4400.00
    [salary_max] => 5500.00
    [requirements] => <p>test jawatan yagn di sanding pada sistem</p><p>kini system berjaya</p><ul><li>masukkan maklumat </li><li>perengan ke 2 telah dimasukkan</li></ul>
    [created_at] => 2025-10-20 16:18:25
    [updated_at] => 2025-11-24 00:14:38
    [status] => 1
    [job_requirements] => {"bangsa": "", "gender": "", "license": ["B", "B2"], "birth_state": "", "nationality": "", "min_education": "", "min_selangor_years": ""}
)

[2025-11-24 09:07:52] [DEBUG_INFO] [File: ] [Line: ] Today's Date: 2025-11-24
[2025-11-24 09:09:08] [DEBUG_INFO] [File: ] [Line: ] Job Code Parameter in job-edit.php: EJMPHS20251021001825
[2025-11-24 09:09:17] [DEBUG_INFO] [File: ] [Line: ] Job Code Parameter in job-edit.php: EJMPHS20251021001825
[2025-11-24 09:09:17] [ERROR] [File: /var/www/html/admin/job-edit.php] [Line: 91] Undefined variable $id
[2025-11-24 09:09:17] [ERROR] [File: /var/www/html/admin/job-edit.php] [Line: 109] Undefined variable $id
[2025-11-24 09:09:17] [DEBUG_INFO] [File: ] [Line: ] 
Database Host: db
Database Name: ejawatan_db
Database User: ejawatan_user
PDO Connection: Success
Connection Method: PDO
[2025-11-24 09:09:17] [DEBUG_INFO] [File: ] [Line: ] 
job_postings table exists: Yes
Table columns: id, job_code, edaran_iklan, ad_date, ad_close_date, job_title, kod_gred, salary_min, salary_max, requirements, created_at, updated_at, status, job_requirements
Total records: 4
SQL Query: SELECT * FROM job_postings ORDER BY id DESC
Records fetched: 4
First record: Array
(
    [id] => 10
    [job_code] => EJMPHS20251021001825
    [edaran_iklan] => DALAMAN SAHAJA (MPHS)
    [ad_date] => 2025-10-21
    [ad_close_date] => 2025-12-05
    [job_title] => PEGAWAI PENGUATUASA JALAN
    [kod_gred] => N22
    [salary_min] => 4400.00
    [salary_max] => 5500.00
    [requirements] => <p>test jawatan yagn di sanding pada sistem</p><p>kini system berjaya</p><ul><li>masukkan maklumat </li><li>perengan ke 2 telah dimasukkan</li></ul>
    [created_at] => 2025-10-20 16:18:25
    [updated_at] => 2025-11-24 00:14:38
    [status] => 1
    [job_requirements] => {"bangsa": "", "gender": "", "license": ["B", "B2"], "birth_state": "", "nationality": "", "min_education": "", "min_selangor_years": ""}
)

[2025-11-24 09:09:17] [DEBUG_INFO] [File: ] [Line: ] Today's Date: 2025-11-24
[2025-11-24 09:09:26] [DEBUG_INFO] [File: ] [Line: ] Job Code Parameter in job-view.php: EJMPHS20251021001825
[2025-11-24 09:09:31] [DEBUG_INFO] [File: ] [Line: ] ID Parameter in job-edit.php: 10
[2025-11-24 09:09:39] [DEBUG_INFO] [File: ] [Line: ] ID Parameter in job-edit.php: 10
[2025-11-24 09:09:39] [DEBUG_INFO] [File: ] [Line: ] 
Database Host: db
Database Name: ejawatan_db
Database User: ejawatan_user
PDO Connection: Success
Connection Method: PDO
[2025-11-24 09:09:39] [DEBUG_INFO] [File: ] [Line: ] 
job_postings table exists: Yes
Table columns: id, job_code, edaran_iklan, ad_date, ad_close_date, job_title, kod_gred, salary_min, salary_max, requirements, created_at, updated_at, status, job_requirements
Total records: 4
SQL Query: SELECT * FROM job_postings ORDER BY id DESC
Records fetched: 4
First record: Array
(
    [id] => 10
    [job_code] => EJMPHS20251021001825
    [edaran_iklan] => DALAMAN SAHAJA (MPHS)
    [ad_date] => 2025-10-21
    [ad_close_date] => 2025-12-05
    [job_title] => PEGAWAI PENGUATUASA JALAN
    [kod_gred] => N22
    [salary_min] => 4400.00
    [salary_max] => 5500.00
    [requirements] => <p>test jawatan yagn di sanding pada sistem</p><p>kini system berjaya</p><ul><li>masukkan maklumat </li><li>perengan ke 2 telah dimasukkan</li></ul>
    [created_at] => 2025-10-20 16:18:25
    [updated_at] => 2025-11-24 01:09:39
    [status] => 1
    [job_requirements] => {"bangsa": "", "gender": "", "license": [], "birth_state": "", "nationality": "Warganegara Malaysia", "min_education": "", "min_selangor_years": ""}
)

[2025-11-24 09:09:39] [DEBUG_INFO] [File: ] [Line: ] Today's Date: 2025-11-24
[2025-11-24 09:09:42] [DEBUG_INFO] [File: ] [Line: ] Job Code Parameter in job-view.php: EJMPHS20251021001825
[2025-11-24 09:10:47] [DEBUG_INFO] [File: ] [Line: ] ID Parameter in job-edit.php: 10
[2025-11-24 09:11:33] [DEBUG_INFO] [File: ] [Line: ] ID Parameter in job-edit.php: 10
[2025-11-24 09:11:33] [DEBUG_INFO] [File: ] [Line: ] 
Database Host: db
Database Name: ejawatan_db
Database User: ejawatan_user
PDO Connection: Success
Connection Method: PDO
[2025-11-24 09:11:33] [DEBUG_INFO] [File: ] [Line: ] 
job_postings table exists: Yes
Table columns: id, job_code, edaran_iklan, ad_date, ad_close_date, job_title, kod_gred, salary_min, salary_max, requirements, created_at, updated_at, status, job_requirements
Total records: 4
SQL Query: SELECT * FROM job_postings ORDER BY id DESC
Records fetched: 4
First record: Array
(
    [id] => 10
    [job_code] => EJMPHS20251021001825
    [edaran_iklan] => DALAMAN SAHAJA (MPHS)
    [ad_date] => 2025-10-21
    [ad_close_date] => 2025-12-05
    [job_title] => PEGAWAI PENGUATUASA JALAN
    [kod_gred] => N22
    [salary_min] => 4400.00
    [salary_max] => 5500.00
    [requirements] => <p>test jawatan yagn di sanding pada sistem</p><p>kini system berjaya</p><ul><li>masukkan maklumat </li><li>perengan ke 2 telah dimasukkan</li></ul>
    [created_at] => 2025-10-20 16:18:25
    [updated_at] => 2025-11-24 01:11:33
    [status] => 1
    [job_requirements] => {"bangsa": "", "gender": "", "license": ["B", "B2"], "birth_state": "", "nationality": "Warganegara Malaysia", "min_education": "", "min_selangor_years": ""}
)

[2025-11-24 09:11:33] [DEBUG_INFO] [File: ] [Line: ] Today's Date: 2025-11-24
[2025-11-24 09:11:37] [DEBUG_INFO] [File: ] [Line: ] Job Code Parameter in job-view.php: EJMPHS20251021001825
[2025-11-24 09:13:47] [DEBUG_INFO] [File: ] [Line: ] ID Parameter in job-edit.php: 10
[2025-11-24 09:13:53] [DEBUG_INFO] [File: ] [Line: ] ID Parameter in job-edit.php: 10
[2025-11-24 09:13:54] [DEBUG_INFO] [File: ] [Line: ] Job Code Parameter in job-view.php: EJMPHS20251021001825
[2025-11-24 09:23:13] [DEBUG_INFO] [File: ] [Line: ] ID Parameter in job-edit.php: 10
[2025-11-24 09:23:20] [DEBUG_INFO] [File: ] [Line: ] ID Parameter in job-edit.php: 10
[2025-11-24 09:23:20] [DEBUG_INFO] [File: ] [Line: ] Job Code Parameter in job-view.php: EJMPHS20251021001825
[2025-11-24 09:23:46] [DEBUG_INFO] [File: ] [Line: ] ID Parameter in job-edit.php: 10
[2025-11-24 09:23:51] [DEBUG_INFO] [File: ] [Line: ] ID Parameter in job-edit.php: 10
[2025-11-24 09:23:51] [DEBUG_INFO] [File: ] [Line: ] Job Code Parameter in job-view.php: EJMPHS20251021001825
[2025-11-24 09:26:05] [DEBUG_INFO] [File: ] [Line: ] ID Parameter in job-edit.php: 10
[2025-11-24 09:26:09] [DEBUG_INFO] [File: ] [Line: ] ID Parameter in job-edit.php: 10
[2025-11-24 09:26:09] [DEBUG_INFO] [File: ] [Line: ] Job Code Parameter in job-view.php: EJMPHS20251021001825
[2025-11-24 09:26:22] [DEBUG_INFO] [File: ] [Line: ] ID Parameter in job-edit.php: 10
[2025-11-24 09:26:25] [DEBUG_INFO] [File: ] [Line: ] ID Parameter in job-edit.php: 10
[2025-11-24 09:26:25] [DEBUG_INFO] [File: ] [Line: ] Job Code Parameter in job-view.php: EJMPHS20251021001825
[2025-11-24 09:26:36] [DEBUG_INFO] [File: ] [Line: ] ID Parameter in job-edit.php: 10
[2025-11-24 09:26:39] [DEBUG_INFO] [File: ] [Line: ] ID Parameter in job-edit.php: 10
[2025-11-24 09:26:39] [DEBUG_INFO] [File: ] [Line: ] Job Code Parameter in job-view.php: EJMPHS20251021001825
[2025-11-24 09:28:47] [DEBUG_INFO] [File: ] [Line: ] 
Database Host: db
Database Name: ejawatan_db
Database User: ejawatan_user
PDO Connection: Success
Connection Method: PDO
[2025-11-24 09:28:47] [DEBUG_INFO] [File: ] [Line: ] 
job_postings table exists: Yes
Table columns: id, job_code, edaran_iklan, ad_date, ad_close_date, job_title, kod_gred, salary_min, salary_max, requirements, created_at, updated_at, status, job_requirements
Total records: 4
SQL Query: SELECT * FROM job_postings ORDER BY id DESC
Records fetched: 4
First record: Array
(
    [id] => 10
    [job_code] => EJMPHS20251021001825
    [edaran_iklan] => DALAMAN SAHAJA (MPHS)
    [ad_date] => 2025-10-21
    [ad_close_date] => 2025-12-05
    [job_title] => PEGAWAI PENGUATUASA JALAN
    [kod_gred] => N22
    [salary_min] => 4400.00
    [salary_max] => 5500.00
    [requirements] => <p>test jawatan yagn di sanding pada sistem</p><p>kini system berjaya</p><ul><li>masukkan maklumat </li><li>perengan ke 2 telah dimasukkan</li></ul>
    [created_at] => 2025-10-20 16:18:25
    [updated_at] => 2025-11-24 01:26:39
    [status] => 1
    [job_requirements] => {"bangsa": "", "gender": "", "license": ["B2"], "birth_state": "", "nationality": "Warganegara Malaysia", "min_education": "", "min_selangor_years": ""}
)

[2025-11-24 09:28:47] [DEBUG_INFO] [File: ] [Line: ] Today's Date: 2025-11-24
[2025-11-24 19:45:50] [DEBUG_INFO] [File: ] [Line: ] 
Database Host: db
Database Name: ejawatan_db
Database User: ejawatan_user
PDO Connection: Success
Connection Method: PDO
[2025-11-24 19:45:50] [DEBUG_INFO] [File: ] [Line: ] 
job_postings table exists: Yes
Table columns: id, job_code, edaran_iklan, ad_date, ad_close_date, job_title, kod_gred, salary_min, salary_max, requirements, created_at, updated_at, status, job_requirements
Total records: 4
SQL Query: SELECT * FROM job_postings ORDER BY id DESC
Records fetched: 4
First record: Array
(
    [id] => 10
    [job_code] => EJMPHS20251021001825
    [edaran_iklan] => DALAMAN SAHAJA (MPHS)
    [ad_date] => 2025-10-21
    [ad_close_date] => 2025-12-05
    [job_title] => PEGAWAI PENGUATUASA JALAN
    [kod_gred] => N22
    [salary_min] => 4400.00
    [salary_max] => 5500.00
    [requirements] => <p>test jawatan yagn di sanding pada sistem</p><p>kini system berjaya</p><ul><li>masukkan maklumat </li><li>perengan ke 2 telah dimasukkan</li></ul>
    [created_at] => 2025-10-20 16:18:25
    [updated_at] => 2025-11-24 01:26:39
    [status] => 1
    [job_requirements] => {"bangsa": "", "gender": "", "license": ["B2"], "birth_state": "", "nationality": "Warganegara Malaysia", "min_education": "", "min_selangor_years": ""}
)

[2025-11-24 19:45:50] [DEBUG_INFO] [File: ] [Line: ] Today's Date: 2025-11-24
[2025-11-24 19:52:17] [DEBUG_INFO] [File: ] [Line: ] 
Database Host: db
Database Name: ejawatan_db
Database User: ejawatan_user
PDO Connection: Success
Connection Method: PDO
[2025-11-24 19:52:17] [DEBUG_INFO] [File: ] [Line: ] 
job_postings table exists: Yes
Table columns: id, job_code, edaran_iklan, ad_date, ad_close_date, job_title, kod_gred, salary_min, salary_max, requirements, created_at, updated_at, status, job_requirements
Total records: 4
SQL Query: SELECT * FROM job_postings ORDER BY id DESC
Records fetched: 4
First record: Array
(
    [id] => 10
    [job_code] => EJMPHS20251021001825
    [edaran_iklan] => DALAMAN SAHAJA (MPHS)
    [ad_date] => 2025-10-21
    [ad_close_date] => 2025-12-05
    [job_title] => PEGAWAI PENGUATUASA JALAN
    [kod_gred] => N22
    [salary_min] => 4400.00
    [salary_max] => 5500.00
    [requirements] => <p>test jawatan yagn di sanding pada sistem</p><p>kini system berjaya</p><ul><li>masukkan maklumat </li><li>perengan ke 2 telah dimasukkan</li></ul>
    [created_at] => 2025-10-20 16:18:25
    [updated_at] => 2025-11-24 01:26:39
    [status] => 1
    [job_requirements] => {"bangsa": "", "gender": "", "license": ["B2"], "birth_state": "", "nationality": "Warganegara Malaysia", "min_education": "", "min_selangor_years": ""}
)

[2025-11-24 19:52:17] [DEBUG_INFO] [File: ] [Line: ] Today's Date: 2025-11-24
[2025-11-24 19:52:20] [DEBUG_INFO] [File: ] [Line: ] Job Code Parameter in job-edit.php: EJMPHS20251021001825
[2025-11-24 19:52:25] [DEBUG_INFO] [File: ] [Line: ] Job Code Parameter in job-edit.php: EJMPHS20251021001825
[2025-11-24 19:52:25] [ERROR] [File: /var/www/html/admin/job-edit.php] [Line: 91] Undefined variable $id
[2025-11-24 19:52:25] [ERROR] [File: /var/www/html/admin/job-edit.php] [Line: 109] Undefined variable $id
[2025-11-24 19:52:25] [DEBUG_INFO] [File: ] [Line: ] Job Code Parameter in job-view.php: EJMPHS20251021001825
[2025-11-24 19:52:30] [DEBUG_INFO] [File: ] [Line: ] ID Parameter in job-edit.php: 10
[2025-11-24 19:52:33] [DEBUG_INFO] [File: ] [Line: ] ID Parameter in job-edit.php: 10
[2025-11-24 19:52:33] [DEBUG_INFO] [File: ] [Line: ] Job Code Parameter in job-view.php: EJMPHS20251021001825
[2025-11-24 19:53:06] [DEBUG_INFO] [File: ] [Line: ] 
Database Host: db
Database Name: ejawatan_db
Database User: ejawatan_user
PDO Connection: Success
Connection Method: PDO
[2025-11-24 19:53:06] [DEBUG_INFO] [File: ] [Line: ] 
job_postings table exists: Yes
Table columns: id, job_code, edaran_iklan, ad_date, ad_close_date, job_title, kod_gred, salary_min, salary_max, requirements, created_at, updated_at, status, job_requirements
Total records: 4
SQL Query: SELECT * FROM job_postings ORDER BY id DESC
Records fetched: 4
First record: Array
(
    [id] => 10
    [job_code] => EJMPHS20251021001825
    [edaran_iklan] => DALAMAN SAHAJA (MPHS)
    [ad_date] => 2025-10-21
    [ad_close_date] => 2025-12-05
    [job_title] => PEGAWAI PENGUATUASA JALAN
    [kod_gred] => N22
    [salary_min] => 4400.00
    [salary_max] => 5500.00
    [requirements] => <p>test jawatan yagn di sanding pada sistem</p><p>kini system berjaya</p><ul><li>masukkan maklumat </li><li>perengan ke 2 telah dimasukkan</li></ul>
    [created_at] => 2025-10-20 16:18:25
    [updated_at] => 2025-11-24 11:52:33
    [status] => 1
    [job_requirements] => {"bangsa": "", "gender": "", "license": ["B2", "D"], "birth_state": "", "nationality": "Warganegara Malaysia", "min_education": "", "min_selangor_years": ""}
)

[2025-11-24 19:53:06] [DEBUG_INFO] [File: ] [Line: ] Today's Date: 2025-11-24
[2025-11-24 19:53:09] [DEBUG_INFO] [File: ] [Line: ] Job Code Parameter in job-edit.php: EJMPHS20251021001825
[2025-11-24 19:53:37] [DEBUG_INFO] [File: ] [Line: ] Job Code Parameter in job-edit.php: EJMPHS20251021001825
[2025-11-24 19:53:37] [ERROR] [File: /var/www/html/admin/job-edit.php] [Line: 91] Undefined variable $id
[2025-11-24 19:53:37] [ERROR] [File: /var/www/html/admin/job-edit.php] [Line: 109] Undefined variable $id
[2025-11-24 19:53:37] [DEBUG_INFO] [File: ] [Line: ] Job Code Parameter in job-view.php: EJMPHS20251021001825
[2025-11-24 19:53:41] [DEBUG_INFO] [File: ] [Line: ] ID Parameter in job-edit.php: 10
[2025-11-24 19:53:45] [DEBUG_INFO] [File: ] [Line: ] ID Parameter in job-edit.php: 10
[2025-11-24 19:53:45] [DEBUG_INFO] [File: ] [Line: ] Job Code Parameter in job-view.php: EJMPHS20251021001825
[2025-11-24 19:54:55] [DEBUG_INFO] [File: ] [Line: ] 
Database Host: db
Database Name: ejawatan_db
Database User: ejawatan_user
PDO Connection: Success
Connection Method: PDO
[2025-11-24 19:54:55] [DEBUG_INFO] [File: ] [Line: ] 
job_postings table exists: Yes
Table columns: id, job_code, edaran_iklan, ad_date, ad_close_date, job_title, kod_gred, salary_min, salary_max, requirements, created_at, updated_at, status, job_requirements
Total records: 4
SQL Query: SELECT * FROM job_postings ORDER BY id DESC
Records fetched: 4
First record: Array
(
    [id] => 10
    [job_code] => EJMPHS20251021001825
    [edaran_iklan] => DALAMAN SAHAJA (MPHS)
    [ad_date] => 2025-10-21
    [ad_close_date] => 2025-12-05
    [job_title] => PEGAWAI PENGUATUASA JALAN
    [kod_gred] => N22
    [salary_min] => 4400.00
    [salary_max] => 5500.00
    [requirements] => <p>test jawatan yagn di sanding pada sistem</p><p>kini system berjaya</p><ul><li>masukkan maklumat </li><li>perengan ke 2 telah dimasukkan</li></ul>
    [created_at] => 2025-10-20 16:18:25
    [updated_at] => 2025-11-24 11:53:45
    [status] => 1
    [job_requirements] => {"bangsa": "", "gender": "", "license": ["B2", "D"], "birth_state": "Wilayah Persekutuan", "nationality": "Warganegara Malaysia", "min_education": "", "min_selangor_years": ""}
)

[2025-11-24 19:54:55] [DEBUG_INFO] [File: ] [Line: ] Today's Date: 2025-11-24
[2025-11-24 19:54:57] [DEBUG_INFO] [File: ] [Line: ] 
Database Host: db
Database Name: ejawatan_db
Database User: ejawatan_user
PDO Connection: Success
Connection Method: PDO
[2025-11-24 19:54:57] [DEBUG_INFO] [File: ] [Line: ] 
job_postings table exists: Yes
Table columns: id, job_code, edaran_iklan, ad_date, ad_close_date, job_title, kod_gred, salary_min, salary_max, requirements, created_at, updated_at, status, job_requirements
Total records: 4
SQL Query: SELECT * FROM job_postings ORDER BY id DESC
Records fetched: 4
First record: Array
(
    [id] => 10
    [job_code] => EJMPHS20251021001825
    [edaran_iklan] => DALAMAN SAHAJA (MPHS)
    [ad_date] => 2025-10-21
    [ad_close_date] => 2025-12-05
    [job_title] => PEGAWAI PENGUATUASA JALAN
    [kod_gred] => N22
    [salary_min] => 4400.00
    [salary_max] => 5500.00
    [requirements] => <p>test jawatan yagn di sanding pada sistem</p><p>kini system berjaya</p><ul><li>masukkan maklumat </li><li>perengan ke 2 telah dimasukkan</li></ul>
    [created_at] => 2025-10-20 16:18:25
    [updated_at] => 2025-11-24 11:53:45
    [status] => 1
    [job_requirements] => {"bangsa": "", "gender": "", "license": ["B2", "D"], "birth_state": "Wilayah Persekutuan", "nationality": "Warganegara Malaysia", "min_education": "", "min_selangor_years": ""}
)

[2025-11-24 19:54:57] [DEBUG_INFO] [File: ] [Line: ] Today's Date: 2025-11-24
[2025-11-24 19:56:52] [DEBUG_INFO] [File: ] [Line: ] 
Database Host: Not set
Database Name: Not set
Database User: Not set
PDO Connection: Failed
Connection Method: Unknown
Connection Error: 1
[2025-11-24 19:56:52] [DATABASE_ERROR] [File: ] [Line: ] Database connection not available
[2025-11-24 19:56:52] [EXCEPTION] [File: /var/www/html/config.php] [Line: 10] Cannot use a scalar value as an array
[2025-11-24 20:00:02] [DEBUG_INFO] [File: ] [Line: ] 
Database Host: db
Database Name: ejawatan_db
Database User: ejawatan_user
PDO Connection: Success
Connection Method: PDO
[2025-11-24 20:00:02] [DEBUG_INFO] [File: ] [Line: ] 
job_postings table exists: Yes
Table columns: id, job_code, edaran_iklan, ad_date, ad_close_date, job_title, kod_gred, salary_min, salary_max, requirements, created_at, updated_at, status, job_requirements
Total records: 4
SQL Query: SELECT * FROM job_postings ORDER BY id DESC
Records fetched: 4
First record: Array
(
    [id] => 10
    [job_code] => EJMPHS20251021001825
    [edaran_iklan] => DALAMAN SAHAJA (MPHS)
    [ad_date] => 2025-10-21
    [ad_close_date] => 2025-12-05
    [job_title] => PEGAWAI PENGUATUASA JALAN
    [kod_gred] => N22
    [salary_min] => 4400.00
    [salary_max] => 5500.00
    [requirements] => <p>test jawatan yagn di sanding pada sistem</p><p>kini system berjaya</p><ul><li>masukkan maklumat </li><li>perengan ke 2 telah dimasukkan</li></ul>
    [created_at] => 2025-10-20 16:18:25
    [updated_at] => 2025-11-24 11:53:45
    [status] => 1
    [job_requirements] => {"bangsa": "", "gender": "", "license": ["B2", "D"], "birth_state": "Wilayah Persekutuan", "nationality": "Warganegara Malaysia", "min_education": "", "min_selangor_years": ""}
)

[2025-11-24 20:00:02] [DEBUG_INFO] [File: ] [Line: ] Today's Date: 2025-11-24
[2025-11-24 20:00:05] [DEBUG_INFO] [File: ] [Line: ] Job Code Parameter in job-edit.php: EJMPHS20251021001825
[2025-11-24 20:04:58] [DEBUG_INFO] [File: ] [Line: ] Job Code Parameter in job-edit.php: EJMPHS20251021001825
[2025-11-24 20:05:14] [DEBUG_INFO] [File: ] [Line: ] Job Code Parameter in job-edit.php: EJMPHS20251021001825
[2025-11-24 20:05:14] [ERROR] [File: /var/www/html/admin/job-edit.php] [Line: 91] Undefined variable $id
[2025-11-24 20:05:14] [ERROR] [File: /var/www/html/admin/job-edit.php] [Line: 109] Undefined variable $id
[2025-11-24 20:05:14] [DEBUG_INFO] [File: ] [Line: ] Job Code Parameter in job-view.php: EJMPHS20251021001825
[2025-11-24 20:05:28] [DEBUG_INFO] [File: ] [Line: ] ID Parameter in job-edit.php: 10
[2025-11-24 20:05:39] [DEBUG_INFO] [File: ] [Line: ] ID Parameter in job-edit.php: 10
[2025-11-24 20:05:39] [DEBUG_INFO] [File: ] [Line: ] Job Code Parameter in job-view.php: EJMPHS20251021001825
[2025-11-24 20:05:46] [DEBUG_INFO] [File: ] [Line: ] 
Database Host: db
Database Name: ejawatan_db
Database User: ejawatan_user
PDO Connection: Success
Connection Method: PDO
[2025-11-24 20:05:46] [DEBUG_INFO] [File: ] [Line: ] 
job_postings table exists: Yes
Table columns: id, job_code, edaran_iklan, ad_date, ad_close_date, job_title, kod_gred, salary_min, salary_max, requirements, created_at, updated_at, status, job_requirements
Total records: 4
SQL Query: SELECT * FROM job_postings ORDER BY id DESC
Records fetched: 4
First record: Array
(
    [id] => 10
    [job_code] => EJMPHS20251021001825
    [edaran_iklan] => DALAMAN SAHAJA (MPHS)
    [ad_date] => 2025-10-21
    [ad_close_date] => 2025-12-05
    [job_title] => PEGAWAI PENGUATUASA JALAN
    [kod_gred] => N22
    [salary_min] => 4400.00
    [salary_max] => 5500.00
    [requirements] => <p>test jawatan yagn di sanding pada sistem</p><p>kini system berjaya</p><ul><li>masukkan maklumat </li><li>perengan ke 2 telah dimasukkan</li></ul>
    [created_at] => 2025-10-20 16:18:25
    [updated_at] => 2025-11-24 12:05:39
    [status] => 1
    [job_requirements] => {"bangsa": "", "gender": "", "license": ["B2", "D"], "birth_state": "Wilayah Persekutuan", "nationality": "Warganegara Malaysia", "min_education": "STPM", "min_selangor_years": ""}
)

[2025-11-24 20:05:46] [DEBUG_INFO] [File: ] [Line: ] Today's Date: 2025-11-24
[2025-11-24 20:05:49] [DEBUG_INFO] [File: ] [Line: ] Job Code Parameter in job-edit.php: EJMPHS20251021001825
[2025-11-24 20:06:01] [DEBUG_INFO] [File: ] [Line: ] Job Code Parameter in job-edit.php: EJMPHS20251021001825
[2025-11-24 20:06:01] [ERROR] [File: /var/www/html/admin/job-edit.php] [Line: 91] Undefined variable $id
[2025-11-24 20:06:01] [ERROR] [File: /var/www/html/admin/job-edit.php] [Line: 109] Undefined variable $id
[2025-11-24 20:06:01] [DEBUG_INFO] [File: ] [Line: ] Job Code Parameter in job-view.php: EJMPHS20251021001825
[2025-11-24 20:08:24] [DEBUG_INFO] [File: ] [Line: ] ID Parameter in job-edit.php: 10
[2025-11-24 20:08:52] [DEBUG_INFO] [File: ] [Line: ] ID Parameter in job-edit.php: 10
[2025-11-24 20:08:52] [DEBUG_INFO] [File: ] [Line: ] Job Code Parameter in job-view.php: EJMPHS20251021001825
[2025-11-24 20:08:56] [DEBUG_INFO] [File: ] [Line: ] ID Parameter in job-edit.php: 10
[2025-11-24 20:09:44] [DEBUG_INFO] [File: ] [Line: ] 
Database Host: db
Database Name: ejawatan_db
Database User: ejawatan_user
PDO Connection: Success
Connection Method: PDO
[2025-11-24 20:09:44] [DEBUG_INFO] [File: ] [Line: ] 
job_postings table exists: Yes
Table columns: id, job_code, edaran_iklan, ad_date, ad_close_date, job_title, kod_gred, salary_min, salary_max, requirements, created_at, updated_at, status, job_requirements
Total records: 4
SQL Query: SELECT * FROM job_postings ORDER BY id DESC
Records fetched: 4
First record: Array
(
    [id] => 10
    [job_code] => EJMPHS20251021001825
    [edaran_iklan] => DALAMAN SAHAJA (MPHS)
    [ad_date] => 2025-10-21
    [ad_close_date] => 2025-12-05
    [job_title] => PEGAWAI PENGUATUASA JALAN
    [kod_gred] => N22
    [salary_min] => 4400.00
    [salary_max] => 5500.00
    [requirements] => <p>test jawatan yagn di sanding pada sistem</p><p>kini system berjaya</p><ul><li>masukkan maklumat </li><li>perengan ke 2 telah dimasukkan</li></ul>
    [created_at] => 2025-10-20 16:18:25
    [updated_at] => 2025-11-24 12:08:52
    [status] => 1
    [job_requirements] => {"bangsa": "", "gender": "", "license": ["B2", "D"], "birth_state": "Wilayah Persekutuan Kuala Lumpur", "nationality": "Warganegara Malaysia", "min_education": "STPM", "min_selangor_years": ""}
)

[2025-11-24 20:09:44] [DEBUG_INFO] [File: ] [Line: ] Today's Date: 2025-11-24
[2025-11-24 20:31:56] [DEBUG_INFO] [File: ] [Line: ] 
Database Host: db
Database Name: ejawatan_db
Database User: ejawatan_user
PDO Connection: Success
Connection Method: PDO
[2025-11-24 20:31:56] [DEBUG_INFO] [File: ] [Line: ] 
job_postings table exists: Yes
Table columns: id, job_code, edaran_iklan, ad_date, ad_close_date, job_title, kod_gred, salary_min, salary_max, requirements, created_at, updated_at, status, job_requirements
Total records: 4
SQL Query: SELECT * FROM job_postings ORDER BY id DESC
Records fetched: 4
First record: Array
(
    [id] => 10
    [job_code] => EJMPHS20251021001825
    [edaran_iklan] => DALAMAN SAHAJA (MPHS)
    [ad_date] => 2025-10-21
    [ad_close_date] => 2025-12-05
    [job_title] => PEGAWAI PENGUATUASA JALAN
    [kod_gred] => N22
    [salary_min] => 4400.00
    [salary_max] => 5500.00
    [requirements] => <p>test jawatan yagn di sanding pada sistem</p><p>kini system berjaya</p><ul><li>masukkan maklumat </li><li>perengan ke 2 telah dimasukkan</li></ul>
    [created_at] => 2025-10-20 16:18:25
    [updated_at] => 2025-11-24 12:08:52
    [status] => 1
    [job_requirements] => {"bangsa": "", "gender": "", "license": ["B2", "D"], "birth_state": "Wilayah Persekutuan Kuala Lumpur", "nationality": "Warganegara Malaysia", "min_education": "STPM", "min_selangor_years": ""}
)

[2025-11-24 20:31:56] [DEBUG_INFO] [File: ] [Line: ] Today's Date: 2025-11-24
[2025-11-24 20:32:51] [DEBUG_INFO] [File: ] [Line: ] 
Database Host: db
Database Name: ejawatan_db
Database User: ejawatan_user
PDO Connection: Success
Connection Method: PDO
[2025-11-24 20:32:51] [DEBUG_INFO] [File: ] [Line: ] 
job_postings table exists: Yes
Table columns: id, job_code, edaran_iklan, ad_date, ad_close_date, job_title, kod_gred, salary_min, salary_max, requirements, created_at, updated_at, status, job_requirements
Total records: 4
SQL Query: SELECT * FROM job_postings ORDER BY id DESC
Records fetched: 4
First record: Array
(
    [id] => 10
    [job_code] => EJMPHS20251021001825
    [edaran_iklan] => DALAMAN SAHAJA (MPHS)
    [ad_date] => 2025-10-21
    [ad_close_date] => 2025-12-05
    [job_title] => PEGAWAI PENGUATUASA JALAN
    [kod_gred] => N22
    [salary_min] => 4400.00
    [salary_max] => 5500.00
    [requirements] => <p>test jawatan yagn di sanding pada sistem</p><p>kini system berjaya</p><ul><li>masukkan maklumat </li><li>perengan ke 2 telah dimasukkan</li></ul>
    [created_at] => 2025-10-20 16:18:25
    [updated_at] => 2025-11-24 12:08:52
    [status] => 1
    [job_requirements] => {"bangsa": "", "gender": "", "license": ["B2", "D"], "birth_state": "Wilayah Persekutuan Kuala Lumpur", "nationality": "Warganegara Malaysia", "min_education": "STPM", "min_selangor_years": ""}
)

[2025-11-24 20:32:51] [DEBUG_INFO] [File: ] [Line: ] Today's Date: 2025-11-24
[2025-11-24 20:33:11] [DEBUG_INFO] [File: ] [Line: ] 
Database Host: db
Database Name: ejawatan_db
Database User: ejawatan_user
PDO Connection: Success
Connection Method: PDO
[2025-11-24 20:33:11] [DEBUG_INFO] [File: ] [Line: ] 
job_postings table exists: Yes
Table columns: id, job_code, edaran_iklan, ad_date, ad_close_date, job_title, kod_gred, salary_min, salary_max, requirements, created_at, updated_at, status, job_requirements
Total records: 4
SQL Query: SELECT * FROM job_postings ORDER BY id DESC
Records fetched: 4
First record: Array
(
    [id] => 10
    [job_code] => EJMPHS20251021001825
    [edaran_iklan] => DALAMAN SAHAJA (MPHS)
    [ad_date] => 2025-10-21
    [ad_close_date] => 2025-12-05
    [job_title] => PEGAWAI PENGUATUASA JALAN
    [kod_gred] => N22
    [salary_min] => 4400.00
    [salary_max] => 5500.00
    [requirements] => <p>test jawatan yagn di sanding pada sistem</p><p>kini system berjaya</p><ul><li>masukkan maklumat </li><li>perengan ke 2 telah dimasukkan</li></ul>
    [created_at] => 2025-10-20 16:18:25
    [updated_at] => 2025-11-24 12:08:52
    [status] => 1
    [job_requirements] => {"bangsa": "", "gender": "", "license": ["B2", "D"], "birth_state": "Wilayah Persekutuan Kuala Lumpur", "nationality": "Warganegara Malaysia", "min_education": "STPM", "min_selangor_years": ""}
)

[2025-11-24 20:33:11] [DEBUG_INFO] [File: ] [Line: ] Today's Date: 2025-11-24
[2025-11-24 20:46:19] [DEBUG_INFO] [File: ] [Line: ] 
Database Host: db
Database Name: ejawatan_db
Database User: ejawatan_user
PDO Connection: Success
Connection Method: PDO
[2025-11-24 20:46:19] [DEBUG_INFO] [File: ] [Line: ] 
job_postings table exists: Yes
Table columns: id, job_code, edaran_iklan, ad_date, ad_close_date, job_title, kod_gred, salary_min, salary_max, requirements, created_at, updated_at, status, job_requirements
Total records: 4
SQL Query: SELECT * FROM job_postings ORDER BY id DESC
Records fetched: 4
First record: Array
(
    [id] => 10
    [job_code] => EJMPHS20251021001825
    [edaran_iklan] => DALAMAN SAHAJA (MPHS)
    [ad_date] => 2025-10-21
    [ad_close_date] => 2025-12-05
    [job_title] => PEGAWAI PENGUATUASA JALAN
    [kod_gred] => N22
    [salary_min] => 4400.00
    [salary_max] => 5500.00
    [requirements] => <p>test jawatan yagn di sanding pada sistem</p><p>kini system berjaya</p><ul><li>masukkan maklumat </li><li>perengan ke 2 telah dimasukkan</li></ul>
    [created_at] => 2025-10-20 16:18:25
    [updated_at] => 2025-11-24 12:08:52
    [status] => 1
    [job_requirements] => {"bangsa": "", "gender": "", "license": ["B2", "D"], "birth_state": "Wilayah Persekutuan Kuala Lumpur", "nationality": "Warganegara Malaysia", "min_education": "STPM", "min_selangor_years": ""}
)

[2025-11-24 20:46:19] [DEBUG_INFO] [File: ] [Line: ] Today's Date: 2025-11-24
[2025-11-24 22:33:04] [DEBUG_INFO] [File: ] [Line: ] 
Database Host: db
Database Name: ejawatan_db
Database User: ejawatan_user
PDO Connection: Success
Connection Method: PDO
[2025-11-24 22:33:04] [DEBUG_INFO] [File: ] [Line: ] 
job_postings table exists: Yes
Table columns: id, job_code, edaran_iklan, ad_date, ad_close_date, job_title, kod_gred, salary_min, salary_max, requirements, created_at, updated_at, status, job_requirements
Total records: 4
SQL Query: SELECT * FROM job_postings ORDER BY id DESC
Records fetched: 4
First record: Array
(
    [id] => 10
    [job_code] => EJMPHS20251021001825
    [edaran_iklan] => DALAMAN SAHAJA (MPHS)
    [ad_date] => 2025-10-21
    [ad_close_date] => 2025-12-05
    [job_title] => PEGAWAI PENGUATUASA JALAN
    [kod_gred] => N22
    [salary_min] => 4400.00
    [salary_max] => 5500.00
    [requirements] => <p>test jawatan yagn di sanding pada sistem</p><p>kini system berjaya</p><ul><li>masukkan maklumat </li><li>perengan ke 2 telah dimasukkan</li></ul>
    [created_at] => 2025-10-20 16:18:25
    [updated_at] => 2025-11-24 12:08:52
    [status] => 1
    [job_requirements] => {"bangsa": "", "gender": "", "license": ["B2", "D"], "birth_state": "Wilayah Persekutuan Kuala Lumpur", "nationality": "Warganegara Malaysia", "min_education": "STPM", "min_selangor_years": ""}
)

[2025-11-24 22:33:04] [DEBUG_INFO] [File: ] [Line: ] Today's Date: 2025-11-24
[2025-11-24 22:33:07] [DEBUG_INFO] [File: ] [Line: ] Job Code Parameter in job-edit.php: EJMPHS20251021001825
[2025-11-24 22:33:16] [DEBUG_INFO] [File: ] [Line: ] Job Code Parameter in job-edit.php: JOB-000003
[2025-11-24 22:33:38] [DEBUG_INFO] [File: ] [Line: ] Job Code Parameter in job-edit.php: JOB-000003
[2025-11-24 22:33:38] [DEBUG_INFO] [File: ] [Line: ] Job Code Parameter in job-view.php: JOB-000003
[2025-11-24 22:33:44] [DEBUG_INFO] [File: ] [Line: ] 
Database Host: db
Database Name: ejawatan_db
Database User: ejawatan_user
PDO Connection: Success
Connection Method: PDO
[2025-11-24 22:33:44] [DEBUG_INFO] [File: ] [Line: ] 
job_postings table exists: Yes
Table columns: id, job_code, edaran_iklan, ad_date, ad_close_date, job_title, kod_gred, salary_min, salary_max, requirements, created_at, updated_at, status, job_requirements
Total records: 4
SQL Query: SELECT * FROM job_postings ORDER BY id DESC
Records fetched: 4
First record: Array
(
    [id] => 10
    [job_code] => EJMPHS20251021001825
    [edaran_iklan] => DALAMAN SAHAJA (MPHS)
    [ad_date] => 2025-10-21
    [ad_close_date] => 2025-12-05
    [job_title] => PEGAWAI PENGUATUASA JALAN
    [kod_gred] => N22
    [salary_min] => 4400.00
    [salary_max] => 5500.00
    [requirements] => <p>test jawatan yagn di sanding pada sistem</p><p>kini system berjaya</p><ul><li>masukkan maklumat </li><li>perengan ke 2 telah dimasukkan</li></ul>
    [created_at] => 2025-10-20 16:18:25
    [updated_at] => 2025-11-24 12:08:52
    [status] => 1
    [job_requirements] => {"bangsa": "", "gender": "", "license": ["B2", "D"], "birth_state": "Wilayah Persekutuan Kuala Lumpur", "nationality": "Warganegara Malaysia", "min_education": "STPM", "min_selangor_years": ""}
)

[2025-11-24 22:33:44] [DEBUG_INFO] [File: ] [Line: ] Today's Date: 2025-11-24
